
**** Build of configuration Generic Demo for project Generic Demo ****

C:\Freescale\CW MCU v10.2\gnu\bin\mingw32-make -j8 pre-build main-build 
'Precompile the .prm file'
"C:\Freescale\CW MCU v10.2\eclipse\../MCU/prog/chc08.exe" "C:/Users/hbarba/repos/digitales/My Solution/Generic Demo\PLM\HCS08\PRM\Linker_QE128_far_banked.prm" -LpX -Lp=pre.prm
"C:/Users/hbarba/repos/digitales/My Solution/Generic Demo\PLM\HCS08\PRM\Linker_QE128_far_banked.prm"
Command Line: '"C:/Users/hbarba/repos/digitales/My Solution/Generic Demo\PLM\HCS08\PRM\Linker_QE128_far_banked.prm" -LpX -Lp=pre.prm'
"C:/Users/hbarba/repos/digitales/My Solution/Generic Demo\PLM\HCS08\PRM\Linker_QE128_far_banked.prm"
Listing of preprocessing to 'C:\Users\hbarba\repos\digitales\My Solution\Generic Demo\Generic Demo\pre.prm'
HC08 Compiler: *** 0 error(s), 0 warning(s), 0 information message(s) ***
HC08 Compiler: *** Processing ok ***
' '
'Building file: ../SMAC/Source/SMAC.c'
'Building file: ../PLM/HCS08/Source/TouchPad/TouchPad.c'
'Building file: ../PLM/HCS08/Source/TPM/Timer.c'
'Building file: ../PLM/HCS08/Source/SCI/UART.c'
'Building file: ../PLM/HCS08/Source/SPI/SPI.c'
'Building file: ../PLM/HCS08/Source/Radio/PhyMC1320x/PhyMC1320X.c'
'Building file: ../PLM/HCS08/Source/Radio/PhyMC1320x/MC1320xDriver/Radio.c'
'Building file: ../PLM/HCS08/Source/RTI/RTI.c'
'Executing target #3 ../PLM/HCS08/Source/TouchPad/TouchPad.c'
'Executing target #2 ../SMAC/Source/SMAC.c'
'Executing target #5 ../PLM/HCS08/Source/SPI/SPI.c'
'Executing target #6 ../PLM/HCS08/Source/SCI/UART.c'
'Executing target #7 ../PLM/HCS08/Source/Radio/PhyMC1320x/PhyMC1320X.c'
'Executing target #9 ../PLM/HCS08/Source/RTI/RTI.c'
'Invoking: HCS08 Compiler'
'Executing target #4 ../PLM/HCS08/Source/TPM/Timer.c'
'Executing target #8 ../PLM/HCS08/Source/Radio/PhyMC1320x/MC1320xDriver/Radio.c'
'Invoking: HCS08 Compiler'
'Invoking: HCS08 Compiler'
'Invoking: HCS08 Compiler'
'Invoking: HCS08 Compiler'
'Invoking: HCS08 Compiler'
"C:/Freescale/CW MCU v10.2/MCU/prog/chc08" -ArgFile"SMAC/Source/SMAC.args" -ObjN="SMAC/Source/SMAC_c.obj" "../SMAC/Source/SMAC.c" -Lm="SMAC/Source/SMAC_c.d" -LmCfg=xilmou
'Invoking: HCS08 Compiler'
"C:/Freescale/CW MCU v10.2/MCU/prog/chc08" -ArgFile"PLM/HCS08/Source/TouchPad/TouchPad.args" -ObjN="PLM/HCS08/Source/TouchPad/TouchPad_c.obj" "../PLM/HCS08/Source/TouchPad/TouchPad.c" -Lm="PLM/HCS08/Source/TouchPad/TouchPad_c.d" -LmCfg=xilmou
"C:/Freescale/CW MCU v10.2/MCU/prog/chc08" -ArgFile"PLM/HCS08/Source/SPI/SPI.args" -ObjN="PLM/HCS08/Source/SPI/SPI_c.obj" "../PLM/HCS08/Source/SPI/SPI.c" -Lm="PLM/HCS08/Source/SPI/SPI_c.d" -LmCfg=xilmou
"C:/Freescale/CW MCU v10.2/MCU/prog/chc08" -ArgFile"PLM/HCS08/Source/TPM/Timer.args" -ObjN="PLM/HCS08/Source/TPM/Timer_c.obj" "../PLM/HCS08/Source/TPM/Timer.c" -Lm="PLM/HCS08/Source/TPM/Timer_c.d" -LmCfg=xilmou
"C:/Freescale/CW MCU v10.2/MCU/prog/chc08" -ArgFile"PLM/HCS08/Source/SCI/UART.args" -ObjN="PLM/HCS08/Source/SCI/UART_c.obj" "../PLM/HCS08/Source/SCI/UART.c" -Lm="PLM/HCS08/Source/SCI/UART_c.d" -LmCfg=xilmou
"C:/Freescale/CW MCU v10.2/MCU/prog/chc08" -ArgFile"PLM/HCS08/Source/Radio/PhyMC1320x/PhyMC1320X.args" -ObjN="PLM/HCS08/Source/Radio/PhyMC1320x/PhyMC1320X_c.obj" "../PLM/HCS08/Source/Radio/PhyMC1320x/PhyMC1320X.c" -Lm="PLM/HCS08/Source/Radio/PhyMC1320x/PhyMC1320X_c.d" -LmCfg=xilmou
'Invoking: HCS08 Compiler'
"C:/Freescale/CW MCU v10.2/MCU/prog/chc08" -ArgFile"PLM/HCS08/Source/Radio/PhyMC1320x/MC1320xDriver/Radio.args" -ObjN="PLM/HCS08/Source/Radio/PhyMC1320x/MC1320xDriver/Radio_c.obj" "../PLM/HCS08/Source/Radio/PhyMC1320x/MC1320xDriver/Radio.c" -Lm="PLM/HCS08/Source/Radio/PhyMC1320x/MC1320xDriver/Radio_c.d" -LmCfg=xilmou
"C:/Freescale/CW MCU v10.2/MCU/prog/chc08" -ArgFile"PLM/HCS08/Source/RTI/RTI.args" -ObjN="PLM/HCS08/Source/RTI/RTI_c.obj" "../PLM/HCS08/Source/RTI/RTI.c" -Lm="PLM/HCS08/Source/RTI/RTI_c.d" -LmCfg=xilmou
../SMAC/Source/SMAC.c
Command Line: '-ArgFile"SMAC/Source/SMAC.args" -ObjN="SMAC/Source/SMAC_c.obj" "../SMAC/Source/SMAC.c" -Lm="SMAC/Source/SMAC_c.d" -LmCfg=xilmou'
../PLM/HCS08/Source/TPM/Timer.c
Command Line: '-ArgFile"PLM/HCS08/Source/TPM/Timer.args" -ObjN="PLM/HCS08/Source/TPM/Timer_c.obj" "../PLM/HCS08/Source/TPM/Timer.c" -Lm="PLM/HCS08/Source/TPM/Timer_c.d" -LmCfg=xilmou'
../PLM/HCS08/Source/Radio/PhyMC1320x/PhyMC1320X.c
Command Line: '-ArgFile"PLM/HCS08/Source/Radio/PhyMC1320x/PhyMC1320X.args" -ObjN="PLM/HCS08/Source/Radio/PhyMC1320x/PhyMC1320X_c.obj" "../PLM/HCS08/Source/Radio/PhyMC1320x/PhyMC1320X.c" -Lm="PLM/HCS08/Source/Radio/PhyMC1320x/PhyMC1320X_c.d" -LmCfg=xilmou'
"C:/Users/hbarba/repos/digitales/My Solution/Generic Demo/OTAP\../SMAC/Source\SMAC.c"
 "C:/Users/hbarba/repos/digitales/My Solution/Generic Demo/SMAC/Source\SMAC.h"
../PLM/HCS08/Source/SCI/UART.c
Command Line: '-ArgFile"PLM/HCS08/Source/SCI/UART.args" -ObjN="PLM/HCS08/Source/SCI/UART_c.obj" "../PLM/HCS08/Source/SCI/UART.c" -Lm="PLM/HCS08/Source/SCI/UART_c.d" -LmCfg=xilmou'
  "C:/Users/hbarba/repos/digitales/My Solution/Generic Demo/PLM/HCS08/Source/Radio\SimplePhy.h"
   "C:/Users/hbarba/repos/digitales/My Solution/Generic Demo/PLM/Generic/Interface\derivative.h"
    "C:/Users/hbarba/repos/digitales/My Solution/Generic Demo/PLM/Generic/Interface\board_config.h"
"C:/Users/hbarba/repos/digitales/My Solution/Generic Demo/OTAP\../PLM/HCS08/Source/TPM\Timer.c"
 "C:/Users/hbarba/repos/digitales/My Solution/Generic Demo/PLM/HCS08/Source/TPM\Timer.h"
  "C:/Users/hbarba/repos/digitales/My Solution/Generic Demo/PLM/HCS08/Interface\Timer_Interface.h"
    "C:/Users/hbarba/repos/digitales/My Solution/Generic Demo/PLM/HCS08/Source/Radio/PhyMC1323x\IrqControlLib.h"
   "C:/Users/hbarba/repos/digitales/My Solution/Generic Demo/PLM/Generic/Interface\EmbeddedTypes.h"
    "C:/Freescale/CW MCU v10.2/MCU/lib/hc08c/include\string.h"
     "C:/Users/hbarba/repos/digitales/My Solution/Generic Demo/PLM/HCS08/Source/Radio/PhyMC1323x\PhyPacketProcessor.h"
     "C:/Freescale/CW MCU v10.2/MCU/lib/hc08c/include\libdefs.h"
      "C:/Freescale/CW MCU v10.2/MCU/lib/hc08c/include\hidef.h"
       "C:/Freescale/CW MCU v10.2/MCU/lib/hc08c/include\stddef.h"
       "C:/Freescale/CW MCU v10.2/MCU/lib/hc08c/include\stdtypes.h"
../PLM/HCS08/Source/Radio/PhyMC1320x/MC1320xDriver/Radio.c
Command Line: '-ArgFile"PLM/HCS08/Source/Radio/PhyMC1320x/MC1320xDriver/Radio.args" -ObjN="PLM/HCS08/Source/Radio/PhyMC1320x/MC1320xDriver/Radio_c.obj" "../PLM/HCS08/Source/Radio/PhyMC1320x/MC1320xDriver/Radio.c" -Lm="PLM/HCS08/Source/Radio/PhyMC1320x/MC1320xDriver/Radio_c.d" -LmCfg=xilmou'
"C:/Users/hbarba/repos/digitales/My Solution/Generic Demo/OTAP\../PLM/HCS08/Source/SCI\UART.c"
    "C:/Freescale/CW MCU v10.2/MCU/lib/hc08c/device/include\mc9s08qe128.h"
   "C:/Users/hbarba/repos/digitales/My Solution/Generic Demo/PLM/Generic/Interface\derivative.h"
    "C:/Users/hbarba/repos/digitales/My Solution/Generic Demo/PLM/Generic/Interface\board_config.h"
    "C:/Users/hbarba/repos/digitales/My Solution/Generic Demo/PLM/HCS08/Source/Radio/PhyMC1323x\IrqControlLib.h"
 "C:/Users/hbarba/repos/digitales/My Solution/Generic Demo/PLM/HCS08/Source/SCI\UART.h"
  "C:/Users/hbarba/repos/digitales/My Solution/Generic Demo/PLM/Generic/Interface\EmbeddedTypes.h"
"C:/Users/hbarba/repos/digitales/My Solution/Generic Demo/OTAP\../PLM/HCS08/Source/Radio/PhyMC1320x/MC1320xDriver\Radio.c"
   "C:/Freescale/CW MCU v10.2/MCU/lib/hc08c/include\string.h"
    "C:/Freescale/CW MCU v10.2/MCU/lib/hc08c/include\libdefs.h"
../PLM/HCS08/Source/RTI/RTI.c
Command Line: '-ArgFile"PLM/HCS08/Source/RTI/RTI.args" -ObjN="PLM/HCS08/Source/RTI/RTI_c.obj" "../PLM/HCS08/Source/RTI/RTI.c" -Lm="PLM/HCS08/Source/RTI/RTI_c.d" -LmCfg=xilmou'
 "C:/Users/hbarba/repos/digitales/My Solution/Generic Demo/PLM/HCS08/Source/Radio/PhyMC1320x/MC1320xDriver\Radio.h"
  "C:/Users/hbarba/repos/digitales/My Solution/Generic Demo/PLM/HCS08/Interface\Radio_Interface.h"
   "C:/Users/hbarba/repos/digitales/My Solution/Generic Demo/PLM/Generic/Interface\derivative.h"
    "C:/Users/hbarba/repos/digitales/My Solution/Generic Demo/PLM/Generic/Interface\board_config.h"
    "C:/Users/hbarba/repos/digitales/My Solution/Generic Demo/PLM/HCS08/Source/Radio/PhyMC1323x\IrqControlLib.h"
     "C:/Users/hbarba/repos/digitales/My Solution/Generic Demo/PLM/HCS08/Source/Radio/PhyMC1323x\PhyPacketProcessor.h"
    "C:/Freescale/CW MCU v10.2/MCU/lib/hc08c/device/include\mc9s08qe128.h"
     "C:/Freescale/CW MCU v10.2/MCU/lib/hc08c/include\hidef.h"
      "C:/Freescale/CW MCU v10.2/MCU/lib/hc08c/include\stddef.h"
      "C:/Freescale/CW MCU v10.2/MCU/lib/hc08c/include\stdtypes.h"
  "C:/Users/hbarba/repos/digitales/My Solution/Generic Demo/PLM/HCS08/Interface\UART_Interface.h"
   "C:/Users/hbarba/repos/digitales/My Solution/Generic Demo/PLM/Generic/Interface\derivative.h"
    "C:/Users/hbarba/repos/digitales/My Solution/Generic Demo/PLM/Generic/Interface\board_config.h"
    "C:/Users/hbarba/repos/digitales/My Solution/Generic Demo/PLM/HCS08/Source/Radio/PhyMC1323x\IrqControlLib.h"
     "C:/Users/hbarba/repos/digitales/My Solution/Generic Demo/PLM/HCS08/Source/Radio/PhyMC1323x\PhyPacketProcessor.h"
    "C:/Freescale/CW MCU v10.2/MCU/lib/hc08c/device/include\mc9s08qe128.h"
   "C:/Users/hbarba/repos/digitales/My Solution/Generic Demo/PLM/Generic/Interface\EmbeddedTypes.h"
    "C:/Freescale/CW MCU v10.2/MCU/lib/hc08c/include\string.h"
     "C:/Freescale/CW MCU v10.2/MCU/lib/hc08c/include\libdefs.h"
      "C:/Freescale/CW MCU v10.2/MCU/lib/hc08c/include\hidef.h"
       "C:/Freescale/CW MCU v10.2/MCU/lib/hc08c/include\stddef.h"
   "C:/Users/hbarba/repos/digitales/My Solution/Generic Demo/PLM/HCS08/Source/Radio/PhyMC1320x\PhyMC1320X_Interface.h"
    "C:/Users/hbarba/repos/digitales/My Solution/Generic Demo/PLM/Generic/Interface\EmbeddedTypes.h"
"C:/Users/hbarba/repos/digitales/My Solution/Generic Demo/OTAP\../PLM/HCS08/Source/RTI\RTI.c"
     "C:/Freescale/CW MCU v10.2/MCU/lib/hc08c/include\string.h"
      "C:/Freescale/CW MCU v10.2/MCU/lib/hc08c/include\libdefs.h"
 "C:/Users/hbarba/repos/digitales/My Solution/Generic Demo/PLM/HCS08/Source/RTI\RTI.h"
       "C:/Freescale/CW MCU v10.2/MCU/lib/hc08c/include\hidef.h"
  "C:/Users/hbarba/repos/digitales/My Solution/Generic Demo/PLM/HCS08/Interface\RTI_Interface.h"
   "C:/Users/hbarba/repos/digitales/My Solution/Generic Demo/PLM/Generic/Interface\EmbeddedTypes.h"
    "C:/Freescale/CW MCU v10.2/MCU/lib/hc08c/include\string.h"
     "C:/Freescale/CW MCU v10.2/MCU/lib/hc08c/include\libdefs.h"
      "C:/Freescale/CW MCU v10.2/MCU/lib/hc08c/include\hidef.h"
       "C:/Freescale/CW MCU v10.2/MCU/lib/hc08c/include\stddef.h"
       "C:/Freescale/CW MCU v10.2/MCU/lib/hc08c/include\stdtypes.h"
   "C:/Users/hbarba/repos/digitales/My Solution/Generic Demo/PLM/Generic/Interface\PLM_Config.h"
   "C:/Users/hbarba/repos/digitales/My Solution/Generic Demo/PLM/Generic/Interface\derivative.h"
        "C:/Freescale/CW MCU v10.2/MCU/lib/hc08c/include\stddef.h"
    "C:/Users/hbarba/repos/digitales/My Solution/Generic Demo/PLM/Generic/Interface\board_config.h"
        "C:/Freescale/CW MCU v10.2/MCU/lib/hc08c/include\stdtypes.h"
    "C:/Users/hbarba/repos/digitales/My Solution/Generic Demo/PLM/HCS08/Source/Radio/PhyMC1323x\IrqControlLib.h"
    "C:/Users/hbarba/repos/digitales/My Solution/Generic Demo/PLM/HCS08/Interface\Radio_Interface.h"
     "C:/Users/hbarba/repos/digitales/My Solution/Generic Demo/PLM/HCS08/Source/Radio/PhyMC1323x\PhyPacketProcessor.h"
Option -Lm: Updating make info to 'PLM/HCS08/Source/SCI/UART_c.d'
    "C:/Freescale/CW MCU v10.2/MCU/lib/hc08c/device/include\mc9s08qe128.h"
"C:/Users/hbarba/repos/digitales/My Solution/Generic Demo/OTAP\../PLM/HCS08/Source/Radio/PhyMC1320x\PhyMC1320X.c"
 "C:/Users/hbarba/repos/digitales/My Solution/Generic Demo/PLM/HCS08/Source/Radio/PhyMC1320x\PhyMC1320X.h"
  "C:/Users/hbarba/repos/digitales/My Solution/Generic Demo/PLM/Generic/Interface\EmbeddedTypes.h"
   "C:/Freescale/CW MCU v10.2/MCU/lib/hc08c/include\string.h"
    "C:/Freescale/CW MCU v10.2/MCU/lib/hc08c/include\libdefs.h"
     "C:/Users/hbarba/repos/digitales/My Solution/Generic Demo/PLM/HCS08/Interface\SPI_Interface.h"
     "C:/Freescale/CW MCU v10.2/MCU/lib/hc08c/include\hidef.h"
      "C:/Freescale/CW MCU v10.2/MCU/lib/hc08c/include\stddef.h"
      "C:/Users/hbarba/repos/digitales/My Solution/Generic Demo/PLM/HCS08/Interface\GPIO_interface.h"
      "C:/Freescale/CW MCU v10.2/MCU/lib/hc08c/include\stdtypes.h"
       "C:/Users/hbarba/repos/digitales/My Solution/Generic Demo/PLM/Generic/Interface\PortConfig.h"
        "C:/Users/hbarba/repos/digitales/My Solution/Generic Demo/PLM/Generic/Interface\TargetMC1320xQE128EVB.h"
  "C:/Users/hbarba/repos/digitales/My Solution/Generic Demo/PLM/HCS08/Interface\Radio_Interface.h"
      "C:/Users/hbarba/repos/digitales/My Solution/Generic Demo/PLM/Generic/Interface\PLM_Config.h"
     "C:/Users/hbarba/repos/digitales/My Solution/Generic Demo/PLM/HCS08/Interface\IRQ_Interface.h"
     "C:/Users/hbarba/repos/digitales/My Solution/Generic Demo/PLM/HCS08/Source/Radio/PhyMC1323x\PhyPacketProcessor.h"
  "C:/Users/hbarba/repos/digitales/My Solution/Generic Demo/PLM/Generic/Interface\Utilities_Interface.h"
   "C:/Users/hbarba/repos/digitales/My Solution/Generic Demo/PLM/HCS08/Interface\UART_Interface.h"
    "C:/Freescale/CW MCU v10.2/MCU/lib/hc08c/device/include\mc9s08qe128.h"
   "C:/Users/hbarba/repos/digitales/My Solution/Generic Demo/PLM/Generic/Interface\derivative.h"
    "C:/Users/hbarba/repos/digitales/My Solution/Generic Demo/PLM/Generic/Interface\board_config.h"
    "C:/Users/hbarba/repos/digitales/My Solution/Generic Demo/PLM/HCS08/Source/Radio/PhyMC1323x\IrqControlLib.h"
  "C:/Users/hbarba/repos/digitales/My Solution/Generic Demo/SMAC/Interface\SMAC_Interface.h"
     "C:/Users/hbarba/repos/digitales/My Solution/Generic Demo/PLM/HCS08/Source/Radio/PhyMC1323x\PhyPacketProcessor.h"
   "C:/Users/hbarba/repos/digitales/My Solution/Generic Demo/SMAC/Generic\SMAC_config.h"
    "C:/Freescale/CW MCU v10.2/MCU/lib/hc08c/device/include\mc9s08qe128.h"
   "C:/Users/hbarba/repos/digitales/My Solution/Generic Demo/PLM/Generic/Interface\PLM_Config.h"
   "C:/Users/hbarba/repos/digitales/My Solution/Generic Demo/PLM/Generic/Interface\PLM_Config.h"
Option -Lm: Updating make info to 'PLM/HCS08/Source/TPM/Timer_c.d'
       "C:/Freescale/CW MCU v10.2/MCU/lib/hc08c/include\stdtypes.h"
../PLM/HCS08/Source/SPI/SPI.c
Command Line: '-ArgFile"PLM/HCS08/Source/SPI/SPI.args" -ObjN="PLM/HCS08/Source/SPI/SPI_c.obj" "../PLM/HCS08/Source/SPI/SPI.c" -Lm="PLM/HCS08/Source/SPI/SPI_c.d" -LmCfg=xilmou'
   "C:/Users/hbarba/repos/digitales/My Solution/Generic Demo/PLM/HCS08/Interface\SPI_Interface.h"
Option -Lm: Updating make info to 'PLM/HCS08/Source/RTI/RTI_c.d'
    "C:/Users/hbarba/repos/digitales/My Solution/Generic Demo/PLM/HCS08/Interface\GPIO_interface.h"
     "C:/Users/hbarba/repos/digitales/My Solution/Generic Demo/PLM/Generic/Interface\PortConfig.h"
      "C:/Users/hbarba/repos/digitales/My Solution/Generic Demo/PLM/Generic/Interface\TargetMC1320xQE128EVB.h"
   "C:/Users/hbarba/repos/digitales/My Solution/Generic Demo/PLM/HCS08/Interface\SPI_Interface.h"
    "C:/Users/hbarba/repos/digitales/My Solution/Generic Demo/PLM/HCS08/Interface\GPIO_interface.h"
     "C:/Users/hbarba/repos/digitales/My Solution/Generic Demo/PLM/Generic/Interface\PortConfig.h"
      "C:/Users/hbarba/repos/digitales/My Solution/Generic Demo/PLM/Generic/Interface\TargetMC1320xQE128EVB.h"
Option -Lm: Updating make info to 'SMAC/Source/SMAC_c.d'
    "C:/Users/hbarba/repos/digitales/My Solution/Generic Demo/PLM/Generic/Interface\PLM_Config.h"
   "C:/Users/hbarba/repos/digitales/My Solution/Generic Demo/PLM/HCS08/Interface\IRQ_Interface.h"
  "C:/Users/hbarba/repos/digitales/My Solution/Generic Demo/PLM/Generic/Interface\Utilities_Interface.h"
   "C:/Users/hbarba/repos/digitales/My Solution/Generic Demo/PLM/HCS08/Interface\UART_Interface.h"
    "C:/Users/hbarba/repos/digitales/My Solution/Generic Demo/PLM/Generic/Interface\PLM_Config.h"
   "C:/Users/hbarba/repos/digitales/My Solution/Generic Demo/PLM/HCS08/Interface\IRQ_Interface.h"
Option -Lm: Updating make info to 'PLM/HCS08/Source/Radio/PhyMC1320x/MC1320xDriver/Radio_c.d'
  "C:/Users/hbarba/repos/digitales/My Solution/Generic Demo/PLM/HCS08/Source/Radio/PhyMC1320x\PhyMC1320X_Interface.h"
Option -Lm: Updating make info to 'PLM/HCS08/Source/Radio/PhyMC1320x/PhyMC1320X_c.d'
../PLM/HCS08/Source/TouchPad/TouchPad.c
Command Line: '-ArgFile"PLM/HCS08/Source/TouchPad/TouchPad.args" -ObjN="PLM/HCS08/Source/TouchPad/TouchPad_c.obj" "../PLM/HCS08/Source/TouchPad/TouchPad.c" -Lm="PLM/HCS08/Source/TouchPad/TouchPad_c.d" -LmCfg=xilmou'
Option -Lasm: Generating listing file 'C:\Users\hbarba\repos\digitales\My Solution\Generic Demo\Generic Demo\UART.lst'
"C:/Users/hbarba/repos/digitales/My Solution/Generic Demo/OTAP\../PLM/HCS08/Source/TouchPad\TouchPad.c"
 "C:/Users/hbarba/repos/digitales/My Solution/Generic Demo/PLM/HCS08/Source/TouchPad\TouchPad.h"
  "C:/Users/hbarba/repos/digitales/My Solution/Generic Demo/PLM/HCS08/Interface\TouchPad_Interface.h"
   "C:/Users/hbarba/repos/digitales/My Solution/Generic Demo/PLM/Generic/Interface\derivative.h"
    "C:/Users/hbarba/repos/digitales/My Solution/Generic Demo/PLM/Generic/Interface\board_config.h"
    "C:/Users/hbarba/repos/digitales/My Solution/Generic Demo/PLM/HCS08/Source/Radio/PhyMC1323x\IrqControlLib.h"
     "C:/Users/hbarba/repos/digitales/My Solution/Generic Demo/PLM/HCS08/Source/Radio/PhyMC1323x\PhyPacketProcessor.h"
Option -Lasm: Generating listing file 'C:\Users\hbarba\repos\digitales\My Solution\Generic Demo\Generic Demo\PhyMC1320X.lst'
Option -Lasm: Generating listing file 'C:\Users\hbarba\repos\digitales\My Solution\Generic Demo\Generic Demo\RTI.lst'
    "C:/Freescale/CW MCU v10.2/MCU/lib/hc08c/device/include\mc9s08qe128.h"
   "C:/Users/hbarba/repos/digitales/My Solution/Generic Demo/PLM/Generic/Interface\EmbeddedTypes.h"
    "C:/Freescale/CW MCU v10.2/MCU/lib/hc08c/include\string.h"
     "C:/Freescale/CW MCU v10.2/MCU/lib/hc08c/include\libdefs.h"
      "C:/Freescale/CW MCU v10.2/MCU/lib/hc08c/include\hidef.h"
       "C:/Freescale/CW MCU v10.2/MCU/lib/hc08c/include\stddef.h"
       "C:/Freescale/CW MCU v10.2/MCU/lib/hc08c/include\stdtypes.h"
   "C:/Users/hbarba/repos/digitales/My Solution/Generic Demo/PLM/Generic/Interface\PortConfig.h"
    "C:/Users/hbarba/repos/digitales/My Solution/Generic Demo/PLM/Generic/Interface\TargetMC1320xQE128EVB.h"
   "C:/Users/hbarba/repos/digitales/My Solution/Generic Demo/PLM/HCS08/Interface\IIC_Interface.h"
    "C:/Users/hbarba/repos/digitales/My Solution/Generic Demo/PLM/Generic/Interface\PLM_Config.h"
   "C:/Users/hbarba/repos/digitales/My Solution/Generic Demo/PLM/HCS08/Interface\GPIO_Interface.h"
Option -Lm: Updating make info to 'PLM/HCS08/Source/TouchPad/TouchPad_c.d'
Option -Lasm: Generating listing file 'C:\Users\hbarba\repos\digitales\My Solution\Generic Demo\Generic Demo\SMAC.lst'
"C:/Users/hbarba/repos/digitales/My Solution/Generic Demo/OTAP\../PLM/HCS08/Source/SPI\SPI.c"
 "C:/Users/hbarba/repos/digitales/My Solution/Generic Demo/PLM/HCS08/Source/SPI\SPI.h"
  "C:/Users/hbarba/repos/digitales/My Solution/Generic Demo/PLM/HCS08/Interface\SPI_Interface.h"
   "C:/Users/hbarba/repos/digitales/My Solution/Generic Demo/PLM/Generic/Interface\derivative.h"
    "C:/Users/hbarba/repos/digitales/My Solution/Generic Demo/PLM/Generic/Interface\board_config.h"
    "C:/Users/hbarba/repos/digitales/My Solution/Generic Demo/PLM/HCS08/Source/Radio/PhyMC1323x\IrqControlLib.h"
     "C:/Users/hbarba/repos/digitales/My Solution/Generic Demo/PLM/HCS08/Source/Radio/PhyMC1323x\PhyPacketProcessor.h"
    "C:/Freescale/CW MCU v10.2/MCU/lib/hc08c/device/include\mc9s08qe128.h"
Option -Lasm: Generating listing file 'C:\Users\hbarba\repos\digitales\My Solution\Generic Demo\Generic Demo\Timer.lst'
Option -Lasm: Generating listing file 'C:\Users\hbarba\repos\digitales\My Solution\Generic Demo\Generic Demo\TouchPad.lst'
   "C:/Users/hbarba/repos/digitales/My Solution/Generic Demo/PLM/Generic/Interface\EmbeddedTypes.h"
    "C:/Freescale/CW MCU v10.2/MCU/lib/hc08c/include\string.h"
     "C:/Freescale/CW MCU v10.2/MCU/lib/hc08c/include\libdefs.h"
      "C:/Freescale/CW MCU v10.2/MCU/lib/hc08c/include\hidef.h"
       "C:/Freescale/CW MCU v10.2/MCU/lib/hc08c/include\stddef.h"
Object file: PLM/HCS08/Source/TouchPad/TouchPad_c.obj, format ELF/DWARF 2.0
Code Size: 3
Global objects: 2
HC08 Compiler: *** 0 error(s), 0 warning(s), 0 information message(s) ***
HC08 Compiler: *** Processing ok ***
       "C:/Freescale/CW MCU v10.2/MCU/lib/hc08c/include\stdtypes.h"
Object file: PLM/HCS08/Source/RTI/RTI_c.obj, format ELF/DWARF 2.0
Code Size: 126
Global objects: 8, Data Size (RAM): 2
HC08 Compiler: *** 0 error(s), 0 warning(s), 0 information message(s) ***
HC08 Compiler: *** Processing ok ***
   "C:/Users/hbarba/repos/digitales/My Solution/Generic Demo/PLM/HCS08/Interface\GPIO_interface.h"
    "C:/Users/hbarba/repos/digitales/My Solution/Generic Demo/PLM/Generic/Interface\PortConfig.h"
     "C:/Users/hbarba/repos/digitales/My Solution/Generic Demo/PLM/Generic/Interface\TargetMC1320xQE128EVB.h"
   "C:/Users/hbarba/repos/digitales/My Solution/Generic Demo/PLM/Generic/Interface\PLM_Config.h"
Option -Lm: Updating make info to 'PLM/HCS08/Source/SPI/SPI_c.d'
Option -Lasm: Generating listing file 'C:\Users\hbarba\repos\digitales\My Solution\Generic Demo\Generic Demo\Radio.lst'
'Finished building: ../PLM/HCS08/Source/TouchPad/TouchPad.c'
' '
Option -Lasm: Generating listing file 'C:\Users\hbarba\repos\digitales\My Solution\Generic Demo\Generic Demo\SPI.lst'
'Building file: ../PLM/HCS08/Source/LVD/LVD.c'
'Finished building: ../PLM/HCS08/Source/RTI/RTI.c'
' '
'Executing target #10 ../PLM/HCS08/Source/LVD/LVD.c'
'Invoking: HCS08 Compiler'
'Building file: ../PLM/HCS08/Source/LPM/LPM.c'
"C:/Freescale/CW MCU v10.2/MCU/prog/chc08" -ArgFile"PLM/HCS08/Source/LVD/LVD.args" -ObjN="PLM/HCS08/Source/LVD/LVD_c.obj" "../PLM/HCS08/Source/LVD/LVD.c" -Lm="PLM/HCS08/Source/LVD/LVD_c.d" -LmCfg=xilmou
'Executing target #11 ../PLM/HCS08/Source/LPM/LPM.c'
'Invoking: HCS08 Compiler'
"C:/Freescale/CW MCU v10.2/MCU/prog/chc08" -ArgFile"PLM/HCS08/Source/LPM/LPM.args" -ObjN="PLM/HCS08/Source/LPM/LPM_c.obj" "../PLM/HCS08/Source/LPM/LPM.c" -Lm="PLM/HCS08/Source/LPM/LPM_c.d" -LmCfg=xilmou
Object file: PLM/HCS08/Source/TPM/Timer_c.obj, format ELF/DWARF 2.0
Code Size: 568
Global objects: 44, Data Size (RAM): 156, Const Data Size (ROM): 3
HC08 Compiler: *** 0 error(s), 0 warning(s), 0 information message(s) ***
HC08 Compiler: *** Processing ok ***
'Finished building: ../PLM/HCS08/Source/TPM/Timer.c'
../PLM/HCS08/Source/LVD/LVD.c
Command Line: '-ArgFile"PLM/HCS08/Source/LVD/LVD.args" -ObjN="PLM/HCS08/Source/LVD/LVD_c.obj" "../PLM/HCS08/Source/LVD/LVD.c" -Lm="PLM/HCS08/Source/LVD/LVD_c.d" -LmCfg=xilmou'
' '
../PLM/HCS08/Source/LPM/LPM.c
Command Line: '-ArgFile"PLM/HCS08/Source/LPM/LPM.args" -ObjN="PLM/HCS08/Source/LPM/LPM_c.obj" "../PLM/HCS08/Source/LPM/LPM.c" -Lm="PLM/HCS08/Source/LPM/LPM_c.d" -LmCfg=xilmou'
'Building file: ../PLM/HCS08/Source/LED/LED.c'
'Executing target #12 ../PLM/HCS08/Source/LED/LED.c'
"C:/Users/hbarba/repos/digitales/My Solution/Generic Demo/OTAP\../PLM/HCS08/Source/LVD\LVD.c"
 "C:/Users/hbarba/repos/digitales/My Solution/Generic Demo/PLM/Generic/Interface\derivative.h"
  "C:/Users/hbarba/repos/digitales/My Solution/Generic Demo/PLM/Generic/Interface\board_config.h"
  "C:/Users/hbarba/repos/digitales/My Solution/Generic Demo/PLM/HCS08/Source/Radio/PhyMC1323x\IrqControlLib.h"
   "C:/Users/hbarba/repos/digitales/My Solution/Generic Demo/PLM/HCS08/Source/Radio/PhyMC1323x\PhyPacketProcessor.h"
  "C:/Freescale/CW MCU v10.2/MCU/lib/hc08c/device/include\mc9s08qe128.h"
 "C:/Users/hbarba/repos/digitales/My Solution/Generic Demo/PLM/Generic/Interface\EmbeddedTypes.h"
  "C:/Freescale/CW MCU v10.2/MCU/lib/hc08c/include\string.h"
   "C:/Freescale/CW MCU v10.2/MCU/lib/hc08c/include\libdefs.h"
    "C:/Freescale/CW MCU v10.2/MCU/lib/hc08c/include\hidef.h"
     "C:/Freescale/CW MCU v10.2/MCU/lib/hc08c/include\stddef.h"
"C:/Users/hbarba/repos/digitales/My Solution/Generic Demo/OTAP\../PLM/HCS08/Source/LPM\LPM.c"
 "C:/Users/hbarba/repos/digitales/My Solution/Generic Demo/PLM/HCS08/Source/LPM\LPM.h"
  "C:/Users/hbarba/repos/digitales/My Solution/Generic Demo/PLM/HCS08/Interface\LPM_Interface.h"
   "C:/Users/hbarba/repos/digitales/My Solution/Generic Demo/PLM/Generic/Interface\derivative.h"
'Invoking: HCS08 Compiler'
    "C:/Users/hbarba/repos/digitales/My Solution/Generic Demo/PLM/Generic/Interface\board_config.h"
     "C:/Freescale/CW MCU v10.2/MCU/lib/hc08c/include\stdtypes.h"
"C:/Freescale/CW MCU v10.2/MCU/prog/chc08" -ArgFile"PLM/HCS08/Source/LED/LED.args" -ObjN="PLM/HCS08/Source/LED/LED_c.obj" "../PLM/HCS08/Source/LED/LED.c" -Lm="PLM/HCS08/Source/LED/LED_c.d" -LmCfg=xilmou
 "C:/Users/hbarba/repos/digitales/My Solution/Generic Demo/PLM/HCS08/Source/LVD\LVD.h"
  "C:/Users/hbarba/repos/digitales/My Solution/Generic Demo/PLM/HCS08/Interface\LVD_interface.h"
   "C:/Users/hbarba/repos/digitales/My Solution/Generic Demo/PLM/Generic/Interface\PLM_Config.h"
Option -Lm: Updating make info to 'PLM/HCS08/Source/LVD/LVD_c.d'
    "C:/Users/hbarba/repos/digitales/My Solution/Generic Demo/PLM/HCS08/Source/Radio/PhyMC1323x\IrqControlLib.h"
     "C:/Users/hbarba/repos/digitales/My Solution/Generic Demo/PLM/HCS08/Source/Radio/PhyMC1323x\PhyPacketProcessor.h"
    "C:/Freescale/CW MCU v10.2/MCU/lib/hc08c/device/include\mc9s08qe128.h"
   "C:/Users/hbarba/repos/digitales/My Solution/Generic Demo/PLM/Generic/Interface\EmbeddedTypes.h"
    "C:/Freescale/CW MCU v10.2/MCU/lib/hc08c/include\string.h"
     "C:/Freescale/CW MCU v10.2/MCU/lib/hc08c/include\libdefs.h"
      "C:/Freescale/CW MCU v10.2/MCU/lib/hc08c/include\hidef.h"
       "C:/Freescale/CW MCU v10.2/MCU/lib/hc08c/include\stddef.h"
       "C:/Freescale/CW MCU v10.2/MCU/lib/hc08c/include\stdtypes.h"
   "C:/Users/hbarba/repos/digitales/My Solution/Generic Demo/PLM/Generic/Interface\PLM_config.h"
Option -Lm: Updating make info to 'PLM/HCS08/Source/LPM/LPM_c.d'
Option -Lasm: Generating listing file 'C:\Users\hbarba\repos\digitales\My Solution\Generic Demo\Generic Demo\LPM.lst'
../PLM/HCS08/Source/LED/LED.c
Command Line: '-ArgFile"PLM/HCS08/Source/LED/LED.args" -ObjN="PLM/HCS08/Source/LED/LED_c.obj" "../PLM/HCS08/Source/LED/LED.c" -Lm="PLM/HCS08/Source/LED/LED_c.d" -LmCfg=xilmou'
Option -Lasm: Generating listing file 'C:\Users\hbarba\repos\digitales\My Solution\Generic Demo\Generic Demo\LVD.lst'
"C:/Users/hbarba/repos/digitales/My Solution/Generic Demo/OTAP\../PLM/HCS08/Source/LED\LED.c"
 "C:/Users/hbarba/repos/digitales/My Solution/Generic Demo/PLM/HCS08/Source/LED\LED.h"
  "C:/Users/hbarba/repos/digitales/My Solution/Generic Demo/PLM/HCS08/Interface\LED_interface.h"
   "C:/Users/hbarba/repos/digitales/My Solution/Generic Demo/PLM/HCS08/Interface\GPIO_interface.h"
    "C:/Users/hbarba/repos/digitales/My Solution/Generic Demo/PLM/Generic/Interface\derivative.h"
     "C:/Users/hbarba/repos/digitales/My Solution/Generic Demo/PLM/Generic/Interface\board_config.h"
     "C:/Users/hbarba/repos/digitales/My Solution/Generic Demo/PLM/HCS08/Source/Radio/PhyMC1323x\IrqControlLib.h"
      "C:/Users/hbarba/repos/digitales/My Solution/Generic Demo/PLM/HCS08/Source/Radio/PhyMC1323x\PhyPacketProcessor.h"
     "C:/Freescale/CW MCU v10.2/MCU/lib/hc08c/device/include\mc9s08qe128.h"
    "C:/Users/hbarba/repos/digitales/My Solution/Generic Demo/PLM/Generic/Interface\EmbeddedTypes.h"
     "C:/Freescale/CW MCU v10.2/MCU/lib/hc08c/include\string.h"
      "C:/Freescale/CW MCU v10.2/MCU/lib/hc08c/include\libdefs.h"
       "C:/Freescale/CW MCU v10.2/MCU/lib/hc08c/include\hidef.h"
        "C:/Freescale/CW MCU v10.2/MCU/lib/hc08c/include\stddef.h"
        "C:/Freescale/CW MCU v10.2/MCU/lib/hc08c/include\stdtypes.h"
    "C:/Users/hbarba/repos/digitales/My Solution/Generic Demo/PLM/Generic/Interface\PortConfig.h"
     "C:/Users/hbarba/repos/digitales/My Solution/Generic Demo/PLM/Generic/Interface\TargetMC1320xQE128EVB.h"
   "C:/Users/hbarba/repos/digitales/My Solution/Generic Demo/PLM/Generic/Interface\PLM_config.h"
Option -Lm: Updating make info to 'PLM/HCS08/Source/LED/LED_c.d'
Object file: PLM/HCS08/Source/LPM/LPM_c.obj, format ELF/DWARF 2.0
Code Size: 9
Global objects: 6
HC08 Compiler: *** 0 error(s), 0 warning(s), 0 information message(s) ***
HC08 Compiler: *** Processing ok ***
Object file: PLM/HCS08/Source/LVD/LVD_c.obj, format ELF/DWARF 2.0
Code Size: 95
Global objects: 7, Data Size (RAM): 4
HC08 Compiler: *** 0 error(s), 0 warning(s), 0 information message(s) ***
HC08 Compiler: *** Processing ok ***
'Finished building: ../PLM/HCS08/Source/LPM/LPM.c'
' '
Option -Lasm: Generating listing file 'C:\Users\hbarba\repos\digitales\My Solution\Generic Demo\Generic Demo\LED.lst'
'Finished building: ../PLM/HCS08/Source/LVD/LVD.c'
'Building file: ../PLM/HCS08/Source/LCD/LCD.c'
' '
Object file: PLM/HCS08/Source/LED/LED_c.obj, format ELF/DWARF 2.0
Code Size: 131
Global objects: 5
'Executing target #13 ../PLM/HCS08/Source/LCD/LCD.c'
HC08 Compiler: *** 0 error(s), 0 warning(s), 0 information message(s) ***
HC08 Compiler: *** Processing ok ***
'Building file: ../PLM/HCS08/Source/Keyboard/Keyboard.c'
'Invoking: HCS08 Compiler'
"C:/Freescale/CW MCU v10.2/MCU/prog/chc08" -ArgFile"PLM/HCS08/Source/LCD/LCD.args" -ObjN="PLM/HCS08/Source/LCD/LCD_c.obj" "../PLM/HCS08/Source/LCD/LCD.c" -Lm="PLM/HCS08/Source/LCD/LCD_c.d" -LmCfg=xilmou
'Executing target #14 ../PLM/HCS08/Source/Keyboard/Keyboard.c'
'Finished building: ../PLM/HCS08/Source/LED/LED.c'
'Invoking: HCS08 Compiler'
"C:/Freescale/CW MCU v10.2/MCU/prog/chc08" -ArgFile"PLM/HCS08/Source/Keyboard/Keyboard.args" -ObjN="PLM/HCS08/Source/Keyboard/Keyboard_c.obj" "../PLM/HCS08/Source/Keyboard/Keyboard.c" -Lm="PLM/HCS08/Source/Keyboard/Keyboard_c.d" -LmCfg=xilmou
' '
Object file: PLM/HCS08/Source/SPI/SPI_c.obj, format ELF/DWARF 2.0
Code Size: 434
Global objects: 23, Data Size (RAM): 6
HC08 Compiler: *** 0 error(s), 0 warning(s), 0 information message(s) ***
HC08 Compiler: *** Processing ok ***
'Building file: ../PLM/HCS08/Source/KBI/KBI.c'
Object file: PLM/HCS08/Source/Radio/PhyMC1320x/MC1320xDriver/Radio_c.obj, format ELF/DWARF 2.0
Code Size: 779
Global objects: 40, Data Size (RAM): 143
'Finished building: ../PLM/HCS08/Source/SPI/SPI.c'
../PLM/HCS08/Source/LCD/LCD.c
Command Line: '-ArgFile"PLM/HCS08/Source/LCD/LCD.args" -ObjN="PLM/HCS08/Source/LCD/LCD_c.obj" "../PLM/HCS08/Source/LCD/LCD.c" -Lm="PLM/HCS08/Source/LCD/LCD_c.d" -LmCfg=xilmou'
Object file: PLM/HCS08/Source/SCI/UART_c.obj, format ELF/DWARF 2.0
HC08 Compiler: *** 0 error(s), 0 warning(s), 0 information message(s) ***
HC08 Compiler: *** Processing ok ***
Code Size: 1297
Global objects: 35, Data Size (RAM): 278
HC08 Compiler: *** 0 error(s), 0 warning(s), 0 information message(s) ***
HC08 Compiler: *** Processing ok ***
' '
'Executing target #15 ../PLM/HCS08/Source/KBI/KBI.c'
'Building file: ../PLM/HCS08/Source/IRQ/IRQ.c'
'Invoking: HCS08 Compiler'
'Executing target #16 ../PLM/HCS08/Source/IRQ/IRQ.c'
"C:/Users/hbarba/repos/digitales/My Solution/Generic Demo/OTAP\../PLM/HCS08/Source/LCD\LCD.c"
 "C:/Users/hbarba/repos/digitales/My Solution/Generic Demo/PLM/HCS08/Source/LCD\LCD.h"
  "C:/Users/hbarba/repos/digitales/My Solution/Generic Demo/PLM/HCS08/Interface\Lcd_Interface.h"
   "C:/Users/hbarba/repos/digitales/My Solution/Generic Demo/PLM/Generic/Interface\derivative.h"
    "C:/Users/hbarba/repos/digitales/My Solution/Generic Demo/PLM/Generic/Interface\board_config.h"
    "C:/Users/hbarba/repos/digitales/My Solution/Generic Demo/PLM/HCS08/Source/Radio/PhyMC1323x\IrqControlLib.h"
     "C:/Users/hbarba/repos/digitales/My Solution/Generic Demo/PLM/HCS08/Source/Radio/PhyMC1323x\PhyPacketProcessor.h"
../PLM/HCS08/Source/Keyboard/Keyboard.c
Command Line: '-ArgFile"PLM/HCS08/Source/Keyboard/Keyboard.args" -ObjN="PLM/HCS08/Source/Keyboard/Keyboard_c.obj" "../PLM/HCS08/Source/Keyboard/Keyboard.c" -Lm="PLM/HCS08/Source/Keyboard/Keyboard_c.d" -LmCfg=xilmou'
    "C:/Freescale/CW MCU v10.2/MCU/lib/hc08c/device/include\mc9s08qe128.h"
"C:/Freescale/CW MCU v10.2/MCU/prog/chc08" -ArgFile"PLM/HCS08/Source/KBI/KBI.args" -ObjN="PLM/HCS08/Source/KBI/KBI_c.obj" "../PLM/HCS08/Source/KBI/KBI.c" -Lm="PLM/HCS08/Source/KBI/KBI_c.d" -LmCfg=xilmou
   "C:/Users/hbarba/repos/digitales/My Solution/Generic Demo/PLM/Generic/Interface\EmbeddedTypes.h"
    "C:/Freescale/CW MCU v10.2/MCU/lib/hc08c/include\string.h"
     "C:/Freescale/CW MCU v10.2/MCU/lib/hc08c/include\libdefs.h"
      "C:/Freescale/CW MCU v10.2/MCU/lib/hc08c/include\hidef.h"
       "C:/Freescale/CW MCU v10.2/MCU/lib/hc08c/include\stddef.h"
       "C:/Freescale/CW MCU v10.2/MCU/lib/hc08c/include\stdtypes.h"
   "C:/Users/hbarba/repos/digitales/My Solution/Generic Demo/PLM/HCS08/Interface\GPIO_interface.h"
    "C:/Users/hbarba/repos/digitales/My Solution/Generic Demo/PLM/Generic/Interface\PortConfig.h"
'Invoking: HCS08 Compiler'
     "C:/Users/hbarba/repos/digitales/My Solution/Generic Demo/PLM/Generic/Interface\TargetMC1320xQE128EVB.h"
'Finished building: ../PLM/HCS08/Source/Radio/PhyMC1320x/MC1320xDriver/Radio.c'
"C:/Freescale/CW MCU v10.2/MCU/prog/chc08" -ArgFile"PLM/HCS08/Source/IRQ/IRQ.args" -ObjN="PLM/HCS08/Source/IRQ/IRQ_c.obj" "../PLM/HCS08/Source/IRQ/IRQ.c" -Lm="PLM/HCS08/Source/IRQ/IRQ_c.d" -LmCfg=xilmou
   "C:/Users/hbarba/repos/digitales/My Solution/Generic Demo/PLM/Generic/Interface\Utilities_Interface.h"
    "C:/Users/hbarba/repos/digitales/My Solution/Generic Demo/PLM/HCS08/Interface\UART_Interface.h"
     "C:/Users/hbarba/repos/digitales/My Solution/Generic Demo/PLM/Generic/Interface\PLM_Config.h"
Option -Lm: Updating make info to 'PLM/HCS08/Source/LCD/LCD_c.d'
"C:/Users/hbarba/repos/digitales/My Solution/Generic Demo/OTAP\../PLM/HCS08/Source/Keyboard\Keyboard.c"
 "C:/Users/hbarba/repos/digitales/My Solution/Generic Demo/PLM/HCS08/Source/Keyboard\Keyboard.h"
  "C:/Users/hbarba/repos/digitales/My Solution/Generic Demo/PLM/HCS08/Interface\Keyboard_Interface.h"
   "C:/Users/hbarba/repos/digitales/My Solution/Generic Demo/PLM/Generic/Interface\derivative.h"
    "C:/Users/hbarba/repos/digitales/My Solution/Generic Demo/PLM/Generic/Interface\board_config.h"
    "C:/Users/hbarba/repos/digitales/My Solution/Generic Demo/PLM/HCS08/Source/Radio/PhyMC1323x\IrqControlLib.h"
     "C:/Users/hbarba/repos/digitales/My Solution/Generic Demo/PLM/HCS08/Source/Radio/PhyMC1323x\PhyPacketProcessor.h"
    "C:/Freescale/CW MCU v10.2/MCU/lib/hc08c/device/include\mc9s08qe128.h"
   "C:/Users/hbarba/repos/digitales/My Solution/Generic Demo/PLM/Generic/Interface\EmbeddedTypes.h"
    "C:/Freescale/CW MCU v10.2/MCU/lib/hc08c/include\string.h"
     "C:/Freescale/CW MCU v10.2/MCU/lib/hc08c/include\libdefs.h"
      "C:/Freescale/CW MCU v10.2/MCU/lib/hc08c/include\hidef.h"
       "C:/Freescale/CW MCU v10.2/MCU/lib/hc08c/include\stddef.h"
       "C:/Freescale/CW MCU v10.2/MCU/lib/hc08c/include\stdtypes.h"
   "C:/Users/hbarba/repos/digitales/My Solution/Generic Demo/PLM/HCS08/Interface\KBI_Interface.h"
    "C:/Users/hbarba/repos/digitales/My Solution/Generic Demo/PLM/Generic/Interface\PLM_config.h"
 "C:/Users/hbarba/repos/digitales/My Solution/Generic Demo/PLM/Generic/Interface\PortConfig.h"
  "C:/Users/hbarba/repos/digitales/My Solution/Generic Demo/PLM/Generic/Interface\TargetMC1320xQE128EVB.h"
'Finished building: ../PLM/HCS08/Source/SCI/UART.c'
 "C:/Users/hbarba/repos/digitales/My Solution/Generic Demo/Application/Configure\app_config.h"
  "C:/Users/hbarba/repos/digitales/My Solution/Generic Demo/PLM/HCS08/Interface\RTI_Interface.h"
  "C:/Users/hbarba/repos/digitales/My Solution/Generic Demo/PLM/HCS08/Interface\SPI_Interface.h"
   "C:/Users/hbarba/repos/digitales/My Solution/Generic Demo/PLM/HCS08/Interface\GPIO_interface.h"
  "C:/Users/hbarba/repos/digitales/My Solution/Generic Demo/PLM/HCS08/Interface\Timer_Interface.h"
  "C:/Users/hbarba/repos/digitales/My Solution/Generic Demo/PLM/HCS08/Interface\UART_Interface.h"
  "C:/Users/hbarba/repos/digitales/My Solution/Generic Demo/PLM/HCS08/Interface\ASM_Interface.h"
   "C:/Users/hbarba/repos/digitales/My Solution/Generic Demo/PLM/Generic/Interface\Utilities_Interface.h"
  "C:/Users/hbarba/repos/digitales/My Solution/Generic Demo/PLM/HCS08/Interface\Flash_Interface.h"
  "C:/Users/hbarba/repos/digitales/My Solution/Generic Demo/PLM/HCS08/Interface\IIC_Interface.h"
  "C:/Users/hbarba/repos/digitales/My Solution/Generic Demo/PLM/HCS08/Interface\IRQ_Interface.h"
  "C:/Users/hbarba/repos/digitales/My Solution/Generic Demo/PLM/HCS08/Interface\LED_Interface.h"
  "C:/Users/hbarba/repos/digitales/My Solution/Generic Demo/PLM/HCS08/Interface\LPM_Interface.h"
' '
  "C:/Users/hbarba/repos/digitales/My Solution/Generic Demo/PLM/HCS08/Interface\LVD_interface.h"
  "C:/Users/hbarba/repos/digitales/My Solution/Generic Demo/PLM/HCS08/Interface\TouchPad_Interface.h"
  "C:/Users/hbarba/repos/digitales/My Solution/Generic Demo/PLM/HCS08/Interface\ADC_Interface.h"
  "C:/Users/hbarba/repos/digitales/My Solution/Generic Demo/PLM/HCS08/Interface\CMT_Interface.h"
  "C:/Users/hbarba/repos/digitales/My Solution/Generic Demo/PLM/HCS08/Interface\Accelerometer_Interface.h"
  "C:/Users/hbarba/repos/digitales/My Solution/Generic Demo/PLM/HCS08/Interface\Eeprom_Interface.h"
  "C:/Users/hbarba/repos/digitales/My Solution/Generic Demo/PLM/HCS08/Interface\LCD_Interface.h"
Option -Lm: Updating make info to 'PLM/HCS08/Source/Keyboard/Keyboard_c.d'
'Building file: ../PLM/HCS08/Source/IIC/IIC.c'
' '
Object file: SMAC/Source/SMAC_c.obj, format ELF/DWARF 2.0
Code Size: 1767
Global objects: 88, Data Size (RAM): 86, Const Data Size (ROM): 7
HC08 Compiler: *** 0 error(s), 0 warning(s), 0 information message(s) ***
HC08 Compiler: *** Processing ok ***
../PLM/HCS08/Source/IRQ/IRQ.c
Command Line: '-ArgFile"PLM/HCS08/Source/IRQ/IRQ.args" -ObjN="PLM/HCS08/Source/IRQ/IRQ_c.obj" "../PLM/HCS08/Source/IRQ/IRQ.c" -Lm="PLM/HCS08/Source/IRQ/IRQ_c.d" -LmCfg=xilmou'
Option -Lasm: Generating listing file 'C:\Users\hbarba\repos\digitales\My Solution\Generic Demo\Generic Demo\LCD.lst'
'Executing target #17 ../PLM/HCS08/Source/IIC/IIC.c'
'Building file: ../PLM/HCS08/Source/GPIO/GPIO.c'
Option -Lasm: Generating listing file 'C:\Users\hbarba\repos\digitales\My Solution\Generic Demo\Generic Demo\Keyboard.lst'
Object file: PLM/HCS08/Source/Keyboard/Keyboard_c.obj, format ELF/DWARF 2.0
Code Size: 2
Global objects: 1
HC08 Compiler: *** 0 error(s), 0 warning(s), 0 information message(s) ***
HC08 Compiler: *** Processing ok ***
'Invoking: HCS08 Compiler'
'Finished building: ../SMAC/Source/SMAC.c'
"C:/Freescale/CW MCU v10.2/MCU/prog/chc08" -ArgFile"PLM/HCS08/Source/IIC/IIC.args" -ObjN="PLM/HCS08/Source/IIC/IIC_c.obj" "../PLM/HCS08/Source/IIC/IIC.c" -Lm="PLM/HCS08/Source/IIC/IIC_c.d" -LmCfg=xilmou
'Executing target #18 ../PLM/HCS08/Source/GPIO/GPIO.c'
' '
../PLM/HCS08/Source/KBI/KBI.c
Command Line: '-ArgFile"PLM/HCS08/Source/KBI/KBI.args" -ObjN="PLM/HCS08/Source/KBI/KBI_c.obj" "../PLM/HCS08/Source/KBI/KBI.c" -Lm="PLM/HCS08/Source/KBI/KBI_c.d" -LmCfg=xilmou'
"C:/Users/hbarba/repos/digitales/My Solution/Generic Demo/OTAP\../PLM/HCS08/Source/IRQ\IRQ.c"
 "C:/Users/hbarba/repos/digitales/My Solution/Generic Demo/PLM/HCS08/Interface\IRQ_Interface.h"
  "C:/Users/hbarba/repos/digitales/My Solution/Generic Demo/PLM/Generic/Interface\derivative.h"
   "C:/Users/hbarba/repos/digitales/My Solution/Generic Demo/PLM/Generic/Interface\board_config.h"
   "C:/Users/hbarba/repos/digitales/My Solution/Generic Demo/PLM/HCS08/Source/Radio/PhyMC1323x\IrqControlLib.h"
    "C:/Users/hbarba/repos/digitales/My Solution/Generic Demo/PLM/HCS08/Source/Radio/PhyMC1323x\PhyPacketProcessor.h"
   "C:/Freescale/CW MCU v10.2/MCU/lib/hc08c/device/include\mc9s08qe128.h"
  "C:/Users/hbarba/repos/digitales/My Solution/Generic Demo/PLM/Generic/Interface\EmbeddedTypes.h"
   "C:/Freescale/CW MCU v10.2/MCU/lib/hc08c/include\string.h"
    "C:/Freescale/CW MCU v10.2/MCU/lib/hc08c/include\libdefs.h"
     "C:/Freescale/CW MCU v10.2/MCU/lib/hc08c/include\hidef.h"
      "C:/Freescale/CW MCU v10.2/MCU/lib/hc08c/include\stddef.h"
      "C:/Freescale/CW MCU v10.2/MCU/lib/hc08c/include\stdtypes.h"
'Finished building: ../PLM/HCS08/Source/Keyboard/Keyboard.c'
Option -Lm: Updating make info to 'PLM/HCS08/Source/IRQ/IRQ_c.d'
'Invoking: HCS08 Compiler'
'Building file: ../PLM/HCS08/Source/Flash/Flash4Otap/Flash4Otap.c'
"C:/Users/hbarba/repos/digitales/My Solution/Generic Demo/OTAP\../PLM/HCS08/Source/KBI\KBI.c"
 "C:/Users/hbarba/repos/digitales/My Solution/Generic Demo/PLM/HCS08/Source/KBI\KBI.h"
  "C:/Users/hbarba/repos/digitales/My Solution/Generic Demo/PLM/HCS08/Interface\KBI_interface.h"
Object file: PLM/HCS08/Source/Radio/PhyMC1320x/PhyMC1320X_c.obj, format ELF/DWARF 2.0
Code Size: 1839
Global objects: 83, Data Size (RAM): 26, Const Data Size (ROM): 84
   "C:/Users/hbarba/repos/digitales/My Solution/Generic Demo/PLM/Generic/Interface\derivative.h"
    "C:/Users/hbarba/repos/digitales/My Solution/Generic Demo/PLM/Generic/Interface\board_config.h"
    "C:/Users/hbarba/repos/digitales/My Solution/Generic Demo/PLM/HCS08/Source/Radio/PhyMC1323x\IrqControlLib.h"
     "C:/Users/hbarba/repos/digitales/My Solution/Generic Demo/PLM/HCS08/Source/Radio/PhyMC1323x\PhyPacketProcessor.h"
    "C:/Freescale/CW MCU v10.2/MCU/lib/hc08c/device/include\mc9s08qe128.h"
"C:/Freescale/CW MCU v10.2/MCU/prog/chc08" -ArgFile"PLM/HCS08/Source/GPIO/GPIO.args" -ObjN="PLM/HCS08/Source/GPIO/GPIO_c.obj" "../PLM/HCS08/Source/GPIO/GPIO.c" -Lm="PLM/HCS08/Source/GPIO/GPIO_c.d" -LmCfg=xilmou
' '
HC08 Compiler: *** 0 error(s), 0 warning(s), 0 information message(s) ***
HC08 Compiler: *** Processing ok ***
   "C:/Users/hbarba/repos/digitales/My Solution/Generic Demo/PLM/Generic/Interface\EmbeddedTypes.h"
    "C:/Freescale/CW MCU v10.2/MCU/lib/hc08c/include\string.h"
     "C:/Freescale/CW MCU v10.2/MCU/lib/hc08c/include\libdefs.h"
../PLM/HCS08/Source/IIC/IIC.c
Command Line: '-ArgFile"PLM/HCS08/Source/IIC/IIC.args" -ObjN="PLM/HCS08/Source/IIC/IIC_c.obj" "../PLM/HCS08/Source/IIC/IIC.c" -Lm="PLM/HCS08/Source/IIC/IIC_c.d" -LmCfg=xilmou'
      "C:/Freescale/CW MCU v10.2/MCU/lib/hc08c/include\hidef.h"
       "C:/Freescale/CW MCU v10.2/MCU/lib/hc08c/include\stddef.h"
       "C:/Freescale/CW MCU v10.2/MCU/lib/hc08c/include\stdtypes.h"
Option -Lasm: Generating listing file 'C:\Users\hbarba\repos\digitales\My Solution\Generic Demo\Generic Demo\IRQ.lst'
'Building file: ../PLM/HCS08/Source/Flash/Flash.c'
'Executing target #19 ../PLM/HCS08/Source/Flash/Flash4Otap/Flash4Otap.c'
Object file: PLM/HCS08/Source/IRQ/IRQ_c.obj, format ELF/DWARF 2.0
Code Size: 24
Global objects: 5, Data Size (RAM): 2
   "C:/Users/hbarba/repos/digitales/My Solution/Generic Demo/PLM/Generic/Interface\PLM_config.h"
Option -Lm: Updating make info to 'PLM/HCS08/Source/KBI/KBI_c.d'
HC08 Compiler: *** 0 error(s), 0 warning(s), 0 information message(s) ***
HC08 Compiler: *** Processing ok ***
'Finished building: ../PLM/HCS08/Source/Radio/PhyMC1320x/PhyMC1320X.c'
'Executing target #20 ../PLM/HCS08/Source/Flash/Flash.c'
../PLM/HCS08/Source/GPIO/GPIO.c
Command Line: '-ArgFile"PLM/HCS08/Source/GPIO/GPIO.args" -ObjN="PLM/HCS08/Source/GPIO/GPIO_c.obj" "../PLM/HCS08/Source/GPIO/GPIO.c" -Lm="PLM/HCS08/Source/GPIO/GPIO_c.d" -LmCfg=xilmou'
"C:/Users/hbarba/repos/digitales/My Solution/Generic Demo/OTAP\../PLM/HCS08/Source/IIC\IIC.c"
 "C:/Users/hbarba/repos/digitales/My Solution/Generic Demo/PLM/HCS08/Source/IIC\IIC.h"
  "C:/Users/hbarba/repos/digitales/My Solution/Generic Demo/PLM/HCS08/Interface\IIC_Interface.h"
'Invoking: HCS08 Compiler'
   "C:/Users/hbarba/repos/digitales/My Solution/Generic Demo/PLM/Generic/Interface\derivative.h"
    "C:/Users/hbarba/repos/digitales/My Solution/Generic Demo/PLM/Generic/Interface\board_config.h"
    "C:/Users/hbarba/repos/digitales/My Solution/Generic Demo/PLM/HCS08/Source/Radio/PhyMC1323x\IrqControlLib.h"
"C:/Freescale/CW MCU v10.2/MCU/prog/chc08" -ArgFile"PLM/HCS08/Source/Flash/Flash4Otap/Flash4Otap.args" -ObjN="PLM/HCS08/Source/Flash/Flash4Otap/Flash4Otap_c.obj" "../PLM/HCS08/Source/Flash/Flash4Otap/Flash4Otap.c" -Lm="PLM/HCS08/Source/Flash/Flash4Otap/Flash4Otap_c.d" -LmCfg=xilmou
     "C:/Users/hbarba/repos/digitales/My Solution/Generic Demo/PLM/HCS08/Source/Radio/PhyMC1323x\PhyPacketProcessor.h"
    "C:/Freescale/CW MCU v10.2/MCU/lib/hc08c/device/include\mc9s08qe128.h"
   "C:/Users/hbarba/repos/digitales/My Solution/Generic Demo/PLM/Generic/Interface\EmbeddedTypes.h"
    "C:/Freescale/CW MCU v10.2/MCU/lib/hc08c/include\string.h"
     "C:/Freescale/CW MCU v10.2/MCU/lib/hc08c/include\libdefs.h"
      "C:/Freescale/CW MCU v10.2/MCU/lib/hc08c/include\hidef.h"
       "C:/Freescale/CW MCU v10.2/MCU/lib/hc08c/include\stddef.h"
"C:/Users/hbarba/repos/digitales/My Solution/Generic Demo/OTAP\../PLM/HCS08/Source/GPIO\GPIO.c"
       "C:/Freescale/CW MCU v10.2/MCU/lib/hc08c/include\stdtypes.h"
 "C:/Users/hbarba/repos/digitales/My Solution/Generic Demo/PLM/HCS08/Source/GPIO\GPIO.h"
   "C:/Users/hbarba/repos/digitales/My Solution/Generic Demo/PLM/Generic/Interface\PortConfig.h"
' '
    "C:/Users/hbarba/repos/digitales/My Solution/Generic Demo/PLM/Generic/Interface\TargetMC1320xQE128EVB.h"
   "C:/Users/hbarba/repos/digitales/My Solution/Generic Demo/PLM/Generic/Interface\PLM_Config.h"
Option -Lm: Updating make info to 'PLM/HCS08/Source/IIC/IIC_c.d'
'Invoking: HCS08 Compiler'
  "C:/Users/hbarba/repos/digitales/My Solution/Generic Demo/PLM/HCS08/Interface\GPIO_Interface.h"
   "C:/Users/hbarba/repos/digitales/My Solution/Generic Demo/PLM/Generic/Interface\derivative.h"
"C:/Freescale/CW MCU v10.2/MCU/prog/chc08" -ArgFile"PLM/HCS08/Source/Flash/Flash.args" -ObjN="PLM/HCS08/Source/Flash/Flash_c.obj" "../PLM/HCS08/Source/Flash/Flash.c" -Lm="PLM/HCS08/Source/Flash/Flash_c.d" -LmCfg=xilmou
'Finished building: ../PLM/HCS08/Source/IRQ/IRQ.c'
    "C:/Users/hbarba/repos/digitales/My Solution/Generic Demo/PLM/Generic/Interface\board_config.h"
    "C:/Users/hbarba/repos/digitales/My Solution/Generic Demo/PLM/HCS08/Source/Radio/PhyMC1323x\IrqControlLib.h"
     "C:/Users/hbarba/repos/digitales/My Solution/Generic Demo/PLM/HCS08/Source/Radio/PhyMC1323x\PhyPacketProcessor.h"
    "C:/Freescale/CW MCU v10.2/MCU/lib/hc08c/device/include\mc9s08qe128.h"
Option -Lasm: Generating listing file 'C:\Users\hbarba\repos\digitales\My Solution\Generic Demo\Generic Demo\IIC.lst'
'Building file: ../PLM/HCS08/Source/EEPROM/Eeprom4OTAP/Eeprom4OTAP.c'
   "C:/Users/hbarba/repos/digitales/My Solution/Generic Demo/PLM/Generic/Interface\EmbeddedTypes.h"
    "C:/Freescale/CW MCU v10.2/MCU/lib/hc08c/include\string.h"
     "C:/Freescale/CW MCU v10.2/MCU/lib/hc08c/include\libdefs.h"
      "C:/Freescale/CW MCU v10.2/MCU/lib/hc08c/include\hidef.h"
       "C:/Freescale/CW MCU v10.2/MCU/lib/hc08c/include\stddef.h"
       "C:/Freescale/CW MCU v10.2/MCU/lib/hc08c/include\stdtypes.h"
' '
../PLM/HCS08/Source/Flash/Flash4Otap/Flash4Otap.c
Command Line: '-ArgFile"PLM/HCS08/Source/Flash/Flash4Otap/Flash4Otap.args" -ObjN="PLM/HCS08/Source/Flash/Flash4Otap/Flash4Otap_c.obj" "../PLM/HCS08/Source/Flash/Flash4Otap/Flash4Otap.c" -Lm="PLM/HCS08/Source/Flash/Flash4Otap/Flash4Otap_c.d" -LmCfg=xilmou'
Option -Lasm: Generating listing file 'C:\Users\hbarba\repos\digitales\My Solution\Generic Demo\Generic Demo\KBI.lst'
   "C:/Users/hbarba/repos/digitales/My Solution/Generic Demo/PLM/Generic/Interface\PortConfig.h"
    "C:/Users/hbarba/repos/digitales/My Solution/Generic Demo/PLM/Generic/Interface\TargetMC1320xQE128EVB.h"
'Executing target #21 ../PLM/HCS08/Source/EEPROM/Eeprom4OTAP/Eeprom4OTAP.c'
Option -Lm: Updating make info to 'PLM/HCS08/Source/GPIO/GPIO_c.d'
"C:/Users/hbarba/repos/digitales/My Solution/Generic Demo/OTAP\../PLM/HCS08/Source/Flash/Flash4Otap\Flash4Otap.c"
 "C:/Users/hbarba/repos/digitales/My Solution/Generic Demo/PLM/HCS08/Source/Flash/Flash4Otap\Flash4Otap.h"
  "C:/Users/hbarba/repos/digitales/My Solution/Generic Demo/PLM/HCS08/Source/Flash/Flash4Otap\Flash4OTAP_Interface.h"
   "C:/Users/hbarba/repos/digitales/My Solution/Generic Demo/PLM/Generic/Interface\derivative.h"
    "C:/Users/hbarba/repos/digitales/My Solution/Generic Demo/PLM/Generic/Interface\board_config.h"
'Building file: ../PLM/HCS08/Source/EEPROM/Eeprom.c'
    "C:/Users/hbarba/repos/digitales/My Solution/Generic Demo/PLM/HCS08/Source/Radio/PhyMC1323x\IrqControlLib.h"
     "C:/Users/hbarba/repos/digitales/My Solution/Generic Demo/PLM/HCS08/Source/Radio/PhyMC1323x\PhyPacketProcessor.h"
    "C:/Freescale/CW MCU v10.2/MCU/lib/hc08c/device/include\mc9s08qe128.h"
Object file: PLM/HCS08/Source/LCD/LCD_c.obj, format ELF/DWARF 2.0
Code Size: 654
Global objects: 26, Data Size (RAM): 9
HC08 Compiler: *** 0 error(s), 0 warning(s), 0 information message(s) ***
HC08 Compiler: *** Processing ok ***
'Invoking: HCS08 Compiler'
   "C:/Users/hbarba/repos/digitales/My Solution/Generic Demo/PLM/Generic/Interface\EmbeddedTypes.h"
    "C:/Freescale/CW MCU v10.2/MCU/lib/hc08c/include\string.h"
     "C:/Freescale/CW MCU v10.2/MCU/lib/hc08c/include\libdefs.h"
"C:/Freescale/CW MCU v10.2/MCU/prog/chc08" -ArgFile"PLM/HCS08/Source/EEPROM/Eeprom4OTAP/Eeprom4OTAP.args" -ObjN="PLM/HCS08/Source/EEPROM/Eeprom4OTAP/Eeprom4OTAP_c.obj" "../PLM/HCS08/Source/EEPROM/Eeprom4OTAP/Eeprom4OTAP.c" -Lm="PLM/HCS08/Source/EEPROM/Eeprom4OTAP/Eeprom4OTAP_c.d" -LmCfg=xilmou
      "C:/Freescale/CW MCU v10.2/MCU/lib/hc08c/include\hidef.h"
       "C:/Freescale/CW MCU v10.2/MCU/lib/hc08c/include\stddef.h"
       "C:/Freescale/CW MCU v10.2/MCU/lib/hc08c/include\stdtypes.h"
   "C:/Users/hbarba/repos/digitales/My Solution/Generic Demo/SMAC/Generic\SMAC_config.h"
Option -Lm: Updating make info to 'PLM/HCS08/Source/Flash/Flash4Otap/Flash4Otap_c.d'
Object file: PLM/HCS08/Source/Flash/Flash4Otap/Flash4Otap_c.obj, format ELF/DWARF 2.0
Option -Lasm: Generating listing file 'C:\Users\hbarba\repos\digitales\My Solution\Generic Demo\Generic Demo\Flash4Otap.lst'
HC08 Compiler: *** 0 error(s), 0 warning(s), 0 information message(s) ***
HC08 Compiler: *** Processing ok ***
'Executing target #22 ../PLM/HCS08/Source/EEPROM/Eeprom.c'
Option -Lasm: Generating listing file 'C:\Users\hbarba\repos\digitales\My Solution\Generic Demo\Generic Demo\GPIO.lst'
'Invoking: HCS08 Compiler'
"C:/Freescale/CW MCU v10.2/MCU/prog/chc08" -ArgFile"PLM/HCS08/Source/EEPROM/Eeprom.args" -ObjN="PLM/HCS08/Source/EEPROM/Eeprom_c.obj" "../PLM/HCS08/Source/EEPROM/Eeprom.c" -Lm="PLM/HCS08/Source/EEPROM/Eeprom_c.d" -LmCfg=xilmou
Object file: PLM/HCS08/Source/KBI/KBI_c.obj, format ELF/DWARF 2.0
Code Size: 187
Global objects: 15, Data Size (RAM): 8
'Finished building: ../PLM/HCS08/Source/Flash/Flash4Otap/Flash4Otap.c'
HC08 Compiler: *** 0 error(s), 0 warning(s), 0 information message(s) ***
HC08 Compiler: *** Processing ok ***
' '
../PLM/HCS08/Source/Flash/Flash.c
Command Line: '-ArgFile"PLM/HCS08/Source/Flash/Flash.args" -ObjN="PLM/HCS08/Source/Flash/Flash_c.obj" "../PLM/HCS08/Source/Flash/Flash.c" -Lm="PLM/HCS08/Source/Flash/Flash_c.d" -LmCfg=xilmou'
../PLM/HCS08/Source/EEPROM/Eeprom4OTAP/Eeprom4OTAP.c
Command Line: '-ArgFile"PLM/HCS08/Source/EEPROM/Eeprom4OTAP/Eeprom4OTAP.args" -ObjN="PLM/HCS08/Source/EEPROM/Eeprom4OTAP/Eeprom4OTAP_c.obj" "../PLM/HCS08/Source/EEPROM/Eeprom4OTAP/Eeprom4OTAP.c" -Lm="PLM/HCS08/Source/EEPROM/Eeprom4OTAP/Eeprom4OTAP_c.d" -LmCfg=xilmou'
'Building file: ../PLM/HCS08/Source/Common/Utilities/Utilities.c'
'Executing target #23 ../PLM/HCS08/Source/Common/Utilities/Utilities.c'
'Finished building: ../PLM/HCS08/Source/LCD/LCD.c'
"C:/Users/hbarba/repos/digitales/My Solution/Generic Demo/OTAP\../PLM/HCS08/Source/EEPROM/Eeprom4OTAP\Eeprom4OTAP.c"
 "C:/Users/hbarba/repos/digitales/My Solution/Generic Demo/PLM/HCS08/Source/EEPROM/Eeprom4OTAP\Eeprom4OTAP.h"
  "C:/Users/hbarba/repos/digitales/My Solution/Generic Demo/PLM/HCS08/Source/EEPROM/Eeprom4OTAP\Eeprom4OTAP_Interface.h"
   "C:/Users/hbarba/repos/digitales/My Solution/Generic Demo/PLM/Generic/Interface\derivative.h"
    "C:/Users/hbarba/repos/digitales/My Solution/Generic Demo/PLM/Generic/Interface\board_config.h"
    "C:/Users/hbarba/repos/digitales/My Solution/Generic Demo/PLM/HCS08/Source/Radio/PhyMC1323x\IrqControlLib.h"
     "C:/Users/hbarba/repos/digitales/My Solution/Generic Demo/PLM/HCS08/Source/Radio/PhyMC1323x\PhyPacketProcessor.h"
    "C:/Freescale/CW MCU v10.2/MCU/lib/hc08c/device/include\mc9s08qe128.h"
   "C:/Users/hbarba/repos/digitales/My Solution/Generic Demo/PLM/Generic/Interface\EmbeddedTypes.h"
    "C:/Freescale/CW MCU v10.2/MCU/lib/hc08c/include\string.h"
     "C:/Freescale/CW MCU v10.2/MCU/lib/hc08c/include\libdefs.h"
'Invoking: HCS08 Compiler'
      "C:/Freescale/CW MCU v10.2/MCU/lib/hc08c/include\hidef.h"
       "C:/Freescale/CW MCU v10.2/MCU/lib/hc08c/include\stddef.h"
"C:/Freescale/CW MCU v10.2/MCU/prog/chc08" -ArgFile"PLM/HCS08/Source/Common/Utilities/Utilities.args" -ObjN="PLM/HCS08/Source/Common/Utilities/Utilities_c.obj" "../PLM/HCS08/Source/Common/Utilities/Utilities.c" -Lm="PLM/HCS08/Source/Common/Utilities/Utilities_c.d" -LmCfg=xilmou
Object file: PLM/HCS08/Source/GPIO/GPIO_c.obj, format ELF/DWARF 2.0
Code Size: 297
Global objects: 32, Data Size (RAM): 45, Const Data Size (ROM): 54
HC08 Compiler: *** 0 error(s), 0 warning(s), 0 information message(s) ***
HC08 Compiler: *** Processing ok ***
       "C:/Freescale/CW MCU v10.2/MCU/lib/hc08c/include\stdtypes.h"
   "C:/Users/hbarba/repos/digitales/My Solution/Generic Demo/SMAC/Generic\SMAC_config.h"
Option -Lm: Updating make info to 'PLM/HCS08/Source/EEPROM/Eeprom4OTAP/Eeprom4OTAP_c.d'
' '
"C:/Users/hbarba/repos/digitales/My Solution/Generic Demo/OTAP\../PLM/HCS08/Source/Flash\Flash.c"
Object file: PLM/HCS08/Source/EEPROM/Eeprom4OTAP/Eeprom4OTAP_c.obj, format ELF/DWARF 2.0
Option -Lasm: Generating listing file 'C:\Users\hbarba\repos\digitales\My Solution\Generic Demo\Generic Demo\Eeprom4OTAP.lst'
 "C:/Users/hbarba/repos/digitales/My Solution/Generic Demo/PLM/HCS08/Source/Flash\Flash.h"
  "C:/Users/hbarba/repos/digitales/My Solution/Generic Demo/PLM/HCS08/Interface\Flash_Interface.h"
   "C:/Users/hbarba/repos/digitales/My Solution/Generic Demo/PLM/Generic/Interface\derivative.h"
    "C:/Users/hbarba/repos/digitales/My Solution/Generic Demo/PLM/Generic/Interface\board_config.h"
    "C:/Users/hbarba/repos/digitales/My Solution/Generic Demo/PLM/HCS08/Source/Radio/PhyMC1323x\IrqControlLib.h"
HC08 Compiler: *** 0 error(s), 0 warning(s), 0 information message(s) ***
'Building file: ../PLM/HCS08/Source/Common/Sys/McuInit.c'
HC08 Compiler: *** Processing ok ***
     "C:/Users/hbarba/repos/digitales/My Solution/Generic Demo/PLM/HCS08/Source/Radio/PhyMC1323x\PhyPacketProcessor.h"
    "C:/Freescale/CW MCU v10.2/MCU/lib/hc08c/device/include\mc9s08qe128.h"
../PLM/HCS08/Source/EEPROM/Eeprom.c
Command Line: '-ArgFile"PLM/HCS08/Source/EEPROM/Eeprom.args" -ObjN="PLM/HCS08/Source/EEPROM/Eeprom_c.obj" "../PLM/HCS08/Source/EEPROM/Eeprom.c" -Lm="PLM/HCS08/Source/EEPROM/Eeprom_c.d" -LmCfg=xilmou'
   "C:/Users/hbarba/repos/digitales/My Solution/Generic Demo/PLM/Generic/Interface\EmbeddedTypes.h"
'Executing target #24 ../PLM/HCS08/Source/Common/Sys/McuInit.c'
    "C:/Freescale/CW MCU v10.2/MCU/lib/hc08c/include\string.h"
     "C:/Freescale/CW MCU v10.2/MCU/lib/hc08c/include\libdefs.h"
      "C:/Freescale/CW MCU v10.2/MCU/lib/hc08c/include\hidef.h"
       "C:/Freescale/CW MCU v10.2/MCU/lib/hc08c/include\stddef.h"
       "C:/Freescale/CW MCU v10.2/MCU/lib/hc08c/include\stdtypes.h"
   "C:/Users/hbarba/repos/digitales/My Solution/Generic Demo/PLM/Generic/Interface\PLM_Config.h"
Option -Lm: Updating make info to 'PLM/HCS08/Source/Flash/Flash_c.d'
"C:/Users/hbarba/repos/digitales/My Solution/Generic Demo/OTAP\../PLM/HCS08/Source/EEPROM\Eeprom.c"
 "C:/Users/hbarba/repos/digitales/My Solution/Generic Demo/PLM/HCS08/Source/EEPROM\Eeprom.h"
  "C:/Users/hbarba/repos/digitales/My Solution/Generic Demo/PLM/HCS08/Interface\Eeprom_Interface.h"
   "C:/Users/hbarba/repos/digitales/My Solution/Generic Demo/PLM/Generic/Interface\derivative.h"
    "C:/Users/hbarba/repos/digitales/My Solution/Generic Demo/PLM/Generic/Interface\board_config.h"
    "C:/Users/hbarba/repos/digitales/My Solution/Generic Demo/PLM/HCS08/Source/Radio/PhyMC1323x\IrqControlLib.h"
     "C:/Users/hbarba/repos/digitales/My Solution/Generic Demo/PLM/HCS08/Source/Radio/PhyMC1323x\PhyPacketProcessor.h"
    "C:/Freescale/CW MCU v10.2/MCU/lib/hc08c/device/include\mc9s08qe128.h"
'Finished building: ../PLM/HCS08/Source/GPIO/GPIO.c'
'Invoking: HCS08 Compiler'
   "C:/Users/hbarba/repos/digitales/My Solution/Generic Demo/PLM/Generic/Interface\EmbeddedTypes.h"
    "C:/Freescale/CW MCU v10.2/MCU/lib/hc08c/include\string.h"
     "C:/Freescale/CW MCU v10.2/MCU/lib/hc08c/include\libdefs.h"
      "C:/Freescale/CW MCU v10.2/MCU/lib/hc08c/include\hidef.h"
       "C:/Freescale/CW MCU v10.2/MCU/lib/hc08c/include\stddef.h"
       "C:/Freescale/CW MCU v10.2/MCU/lib/hc08c/include\stdtypes.h"
'Finished building: ../PLM/HCS08/Source/KBI/KBI.c'
   "C:/Users/hbarba/repos/digitales/My Solution/Generic Demo/PLM/Generic/Interface\PortConfig.h"
    "C:/Users/hbarba/repos/digitales/My Solution/Generic Demo/PLM/Generic/Interface\TargetMC1320xQE128EVB.h"
   "C:/Users/hbarba/repos/digitales/My Solution/Generic Demo/PLM/Generic/Interface\PLM_Config.h"
../PLM/HCS08/Source/Common/Utilities/Utilities.c
Command Line: '-ArgFile"PLM/HCS08/Source/Common/Utilities/Utilities.args" -ObjN="PLM/HCS08/Source/Common/Utilities/Utilities_c.obj" "../PLM/HCS08/Source/Common/Utilities/Utilities.c" -Lm="PLM/HCS08/Source/Common/Utilities/Utilities_c.d" -LmCfg=xilmou'
  "C:/Users/hbarba/repos/digitales/My Solution/Generic Demo/PLM/HCS08/Interface\IIC_Interface.h"
"C:/Freescale/CW MCU v10.2/MCU/prog/chc08" -ArgFile"PLM/HCS08/Source/Common/Sys/McuInit.args" -ObjN="PLM/HCS08/Source/Common/Sys/McuInit_c.obj" "../PLM/HCS08/Source/Common/Sys/McuInit.c" -Lm="PLM/HCS08/Source/Common/Sys/McuInit_c.d" -LmCfg=xilmou
Option -Lm: Updating make info to 'PLM/HCS08/Source/EEPROM/Eeprom_c.d'
'Finished building: ../PLM/HCS08/Source/EEPROM/Eeprom4OTAP/Eeprom4OTAP.c'
' '
"C:/Users/hbarba/repos/digitales/My Solution/Generic Demo/OTAP\../PLM/HCS08/Source/Common/Utilities\Utilities.c"
 "C:/Users/hbarba/repos/digitales/My Solution/Generic Demo/PLM/Generic/Interface\Utilities_Interface.h"
  "C:/Users/hbarba/repos/digitales/My Solution/Generic Demo/PLM/Generic/Interface\derivative.h"
   "C:/Users/hbarba/repos/digitales/My Solution/Generic Demo/PLM/Generic/Interface\board_config.h"
   "C:/Users/hbarba/repos/digitales/My Solution/Generic Demo/PLM/HCS08/Source/Radio/PhyMC1323x\IrqControlLib.h"
    "C:/Users/hbarba/repos/digitales/My Solution/Generic Demo/PLM/HCS08/Source/Radio/PhyMC1323x\PhyPacketProcessor.h"
   "C:/Freescale/CW MCU v10.2/MCU/lib/hc08c/device/include\mc9s08qe128.h"
' '
  "C:/Users/hbarba/repos/digitales/My Solution/Generic Demo/PLM/Generic/Interface\EmbeddedTypes.h"
   "C:/Freescale/CW MCU v10.2/MCU/lib/hc08c/include\string.h"
    "C:/Freescale/CW MCU v10.2/MCU/lib/hc08c/include\libdefs.h"
     "C:/Freescale/CW MCU v10.2/MCU/lib/hc08c/include\hidef.h"
      "C:/Freescale/CW MCU v10.2/MCU/lib/hc08c/include\stddef.h"
      "C:/Freescale/CW MCU v10.2/MCU/lib/hc08c/include\stdtypes.h"
  "C:/Users/hbarba/repos/digitales/My Solution/Generic Demo/PLM/HCS08/Interface\UART_Interface.h"
   "C:/Users/hbarba/repos/digitales/My Solution/Generic Demo/PLM/Generic/Interface\PLM_Config.h"
Option -Lm: Updating make info to 'PLM/HCS08/Source/Common/Utilities/Utilities_c.d'
Option -Lasm: Generating listing file 'C:\Users\hbarba\repos\digitales\My Solution\Generic Demo\Generic Demo\Flash.lst'
Option -Lasm: Generating listing file 'C:\Users\hbarba\repos\digitales\My Solution\Generic Demo\Generic Demo\Eeprom.lst'
Option -Lasm: Generating listing file 'C:\Users\hbarba\repos\digitales\My Solution\Generic Demo\Generic Demo\Utilities.lst'
Object file: PLM/HCS08/Source/IIC/IIC_c.obj, format ELF/DWARF 2.0
Code Size: 774
Global objects: 21, Data Size (RAM): 8
HC08 Compiler: *** 0 error(s), 0 warning(s), 0 information message(s) ***
HC08 Compiler: *** Processing ok ***
'Building file: ../PLM/HCS08/Source/Common/Sys/Start08.c'
../PLM/HCS08/Source/Common/Sys/McuInit.c
Command Line: '-ArgFile"PLM/HCS08/Source/Common/Sys/McuInit.args" -ObjN="PLM/HCS08/Source/Common/Sys/McuInit_c.obj" "../PLM/HCS08/Source/Common/Sys/McuInit.c" -Lm="PLM/HCS08/Source/Common/Sys/McuInit_c.d" -LmCfg=xilmou'
' '
'Building file: ../PLM/HCS08/Source/Common/Sys/mc13233c.c'
Object file: PLM/HCS08/Source/EEPROM/Eeprom_c.obj, format ELF/DWARF 2.0
Code Size: 8
Global objects: 4
"C:/Users/hbarba/repos/digitales/My Solution/Generic Demo/OTAP\../PLM/HCS08/Source/Common/Sys\McuInit.c"
 "C:/Users/hbarba/repos/digitales/My Solution/Generic Demo/PLM/Generic/Interface\derivative.h"
  "C:/Users/hbarba/repos/digitales/My Solution/Generic Demo/PLM/Generic/Interface\board_config.h"
  "C:/Users/hbarba/repos/digitales/My Solution/Generic Demo/PLM/HCS08/Source/Radio/PhyMC1323x\IrqControlLib.h"
'Executing target #25 ../PLM/HCS08/Source/Common/Sys/Start08.c'
'Building file: ../PLM/HCS08/Source/Common/Sys/mc9s08gb60.c'
   "C:/Users/hbarba/repos/digitales/My Solution/Generic Demo/PLM/HCS08/Source/Radio/PhyMC1323x\PhyPacketProcessor.h"
'Executing target #26 ../PLM/HCS08/Source/Common/Sys/mc13233c.c'
  "C:/Freescale/CW MCU v10.2/MCU/lib/hc08c/device/include\mc9s08qe128.h"
'Executing target #27 ../PLM/HCS08/Source/Common/Sys/mc9s08gb60.c'
Option -Lm: Updating make info to 'PLM/HCS08/Source/Common/Sys/McuInit_c.d'
HC08 Compiler: *** 0 error(s), 0 warning(s), 0 information message(s) ***
HC08 Compiler: *** Processing ok ***
Option -Lasm: Generating listing file 'C:\Users\hbarba\repos\digitales\My Solution\Generic Demo\Generic Demo\McuInit.lst'
'Finished building: ../PLM/HCS08/Source/IIC/IIC.c'
'Invoking: HCS08 Compiler'
'Invoking: HCS08 Compiler'
Object file: PLM/HCS08/Source/Flash/Flash_c.obj, format ELF/DWARF 2.0
Code Size: 418
Global objects: 18, Data Size (RAM): 1
HC08 Compiler: *** 0 error(s), 0 warning(s), 0 information message(s) ***
"C:/Freescale/CW MCU v10.2/MCU/prog/chc08" -ArgFile"PLM/HCS08/Source/Common/Sys/mc13233c.args" -ObjN="PLM/HCS08/Source/Common/Sys/mc13233c_c.obj" "../PLM/HCS08/Source/Common/Sys/mc13233c.c" -Lm="PLM/HCS08/Source/Common/Sys/mc13233c_c.d" -LmCfg=xilmou
'Invoking: HCS08 Compiler'
"C:/Freescale/CW MCU v10.2/MCU/prog/chc08" -ArgFile"PLM/HCS08/Source/Common/Sys/Start08.args" -ObjN="PLM/HCS08/Source/Common/Sys/Start08_c.obj" "../PLM/HCS08/Source/Common/Sys/Start08.c" -Lm="PLM/HCS08/Source/Common/Sys/Start08_c.d" -LmCfg=xilmou
Object file: PLM/HCS08/Source/Common/Sys/McuInit_c.obj, format ELF/DWARF 2.0
Code Size: 59
Global objects: 10
HC08 Compiler: *** 0 error(s), 0 warning(s), 0 information message(s) ***
HC08 Compiler: *** Processing ok ***
"C:/Freescale/CW MCU v10.2/MCU/prog/chc08" -ArgFile"PLM/HCS08/Source/Common/Sys/mc9s08gb60.args" -ObjN="PLM/HCS08/Source/Common/Sys/mc9s08gb60_c.obj" "../PLM/HCS08/Source/Common/Sys/mc9s08gb60.c" -Lm="PLM/HCS08/Source/Common/Sys/mc9s08gb60_c.d" -LmCfg=xilmou
HC08 Compiler: *** Processing ok ***
' '
'Building file: ../PLM/HCS08/Source/Common/Sys/mc9s08qe128.c'
../PLM/HCS08/Source/Common/Sys/mc13233c.c
Command Line: '-ArgFile"PLM/HCS08/Source/Common/Sys/mc13233c.args" -ObjN="PLM/HCS08/Source/Common/Sys/mc13233c_c.obj" "../PLM/HCS08/Source/Common/Sys/mc13233c.c" -Lm="PLM/HCS08/Source/Common/Sys/mc13233c_c.d" -LmCfg=xilmou'
../PLM/HCS08/Source/Common/Sys/Start08.c
Command Line: '-ArgFile"PLM/HCS08/Source/Common/Sys/Start08.args" -ObjN="PLM/HCS08/Source/Common/Sys/Start08_c.obj" "../PLM/HCS08/Source/Common/Sys/Start08.c" -Lm="PLM/HCS08/Source/Common/Sys/Start08_c.d" -LmCfg=xilmou'
'Finished building: ../PLM/HCS08/Source/EEPROM/Eeprom.c'
'Executing target #28 ../PLM/HCS08/Source/Common/Sys/mc9s08qe128.c'
"C:/Users/hbarba/repos/digitales/My Solution/Generic Demo/OTAP\../PLM/HCS08/Source/Common/Sys\mc13233c.c"
Option -Lm: Updating make info to 'PLM/HCS08/Source/Common/Sys/mc13233c_c.d'
Object file: PLM/HCS08/Source/Common/Sys/mc13233c_c.obj, format ELF/DWARF 2.0
Option -Lasm: Generating listing file 'C:\Users\hbarba\repos\digitales\My Solution\Generic Demo\Generic Demo\mc13233c.lst'
HC08 Compiler: *** 0 error(s), 0 warning(s), 0 information message(s) ***
HC08 Compiler: *** Processing ok ***
'Finished building: ../PLM/HCS08/Source/Common/Sys/McuInit.c'
"C:/Users/hbarba/repos/digitales/My Solution/Generic Demo/OTAP\../PLM/HCS08/Source/Common/Sys\Start08.c"
 "C:/Freescale/CW MCU v10.2/MCU/lib/hc08c/include\start08.h"
  "C:/Freescale/CW MCU v10.2/MCU/lib/hc08c/include\hidef.h"
   "C:/Freescale/CW MCU v10.2/MCU/lib/hc08c/include\stddef.h"
   "C:/Freescale/CW MCU v10.2/MCU/lib/hc08c/include\stdtypes.h"
  "C:/Freescale/CW MCU v10.2/MCU/lib/hc08c/include\non_bank.sgm"
 "C:/Freescale/CW MCU v10.2/MCU/lib/hc08c/include\non_bank.sgm"
Option -Lm: Updating make info to 'PLM/HCS08/Source/Common/Sys/Start08_c.d'
' '
'Finished building: ../PLM/HCS08/Source/Flash/Flash.c'
../PLM/HCS08/Source/Common/Sys/mc9s08gb60.c
Command Line: '-ArgFile"PLM/HCS08/Source/Common/Sys/mc9s08gb60.args" -ObjN="PLM/HCS08/Source/Common/Sys/mc9s08gb60_c.obj" "../PLM/HCS08/Source/Common/Sys/mc9s08gb60.c" -Lm="PLM/HCS08/Source/Common/Sys/mc9s08gb60_c.d" -LmCfg=xilmou'
"C:/Users/hbarba/repos/digitales/My Solution/Generic Demo/OTAP\../PLM/HCS08/Source/Common/Sys\mc9s08gb60.c"
Option -Lm: Updating make info to 'PLM/HCS08/Source/Common/Sys/mc9s08gb60_c.d'
Object file: PLM/HCS08/Source/Common/Sys/mc9s08gb60_c.obj, format ELF/DWARF 2.0
Option -Lasm: Generating listing file 'C:\Users\hbarba\repos\digitales\My Solution\Generic Demo\Generic Demo\mc9s08gb60.lst'
Option -Lasm: Generating listing file 'C:\Users\hbarba\repos\digitales\My Solution\Generic Demo\Generic Demo\Start08.lst'
'Invoking: HCS08 Compiler'
'Finished building: ../PLM/HCS08/Source/Common/Sys/mc13233c.c'
HC08 Compiler: *** 0 error(s), 0 warning(s), 0 information message(s) ***
HC08 Compiler: *** Processing ok ***
"C:/Freescale/CW MCU v10.2/MCU/prog/chc08" -ArgFile"PLM/HCS08/Source/Common/Sys/mc9s08qe128.args" -ObjN="PLM/HCS08/Source/Common/Sys/mc9s08qe128_c.obj" "../PLM/HCS08/Source/Common/Sys/mc9s08qe128.c" -Lm="PLM/HCS08/Source/Common/Sys/mc9s08qe128_c.d" -LmCfg=xilmou
' '
'Building file: ../PLM/HCS08/Source/Common/Sys/vectortable.c'
Object file: PLM/HCS08/Source/Common/Sys/Start08_c.obj, format ELF/DWARF 2.0
Code Size: 139
Global objects: 6, Data Size (RAM): 6
HC08 Compiler: *** 0 error(s), 0 warning(s), 0 information message(s) ***
HC08 Compiler: *** Processing ok ***
'Building file: ../PLM/HCS08/Source/CMT/Cmt.c'
'Executing target #29 ../PLM/HCS08/Source/Common/Sys/vectortable.c'
' '
' '
'Executing target #30 ../PLM/HCS08/Source/CMT/Cmt.c'
'Invoking: HCS08 Compiler'
../PLM/HCS08/Source/Common/Sys/mc9s08qe128.c
Command Line: '-ArgFile"PLM/HCS08/Source/Common/Sys/mc9s08qe128.args" -ObjN="PLM/HCS08/Source/Common/Sys/mc9s08qe128_c.obj" "../PLM/HCS08/Source/Common/Sys/mc9s08qe128.c" -Lm="PLM/HCS08/Source/Common/Sys/mc9s08qe128_c.d" -LmCfg=xilmou'
'Finished building: ../PLM/HCS08/Source/Common/Sys/Start08.c'
'Finished building: ../PLM/HCS08/Source/Common/Sys/mc9s08gb60.c'
'Building file: ../PLM/HCS08/Source/Buzzer/Buzzer.c'
'Building file: ../PLM/HCS08/Source/Accelerometer/Accelerometer.c'
"C:/Freescale/CW MCU v10.2/MCU/prog/chc08" -ArgFile"PLM/HCS08/Source/Common/Sys/vectortable.args" -ObjN="PLM/HCS08/Source/Common/Sys/vectortable_c.obj" "../PLM/HCS08/Source/Common/Sys/vectortable.c" -Lm="PLM/HCS08/Source/Common/Sys/vectortable_c.d" -LmCfg=xilmou
"C:/Users/hbarba/repos/digitales/My Solution/Generic Demo/OTAP\../PLM/HCS08/Source/Common/Sys\mc9s08qe128.c"
 "C:/Freescale/CW MCU v10.2/MCU/lib/hc08c/device/include\mc9s08qe128.h"
Option -Lm: Updating make info to 'PLM/HCS08/Source/Common/Sys/mc9s08qe128_c.d'
' '
' '
'Executing target #31 ../PLM/HCS08/Source/Buzzer/Buzzer.c'
Object file: PLM/HCS08/Source/Common/Sys/mc9s08qe128_c.obj, format ELF/DWARF 2.0
Option -Lasm: Generating listing file 'C:\Users\hbarba\repos\digitales\My Solution\Generic Demo\Generic Demo\mc9s08qe128.lst'
'Invoking: HCS08 Compiler'
"C:/Freescale/CW MCU v10.2/MCU/prog/chc08" -ArgFile"PLM/HCS08/Source/CMT/Cmt.args" -ObjN="PLM/HCS08/Source/CMT/Cmt_c.obj" "../PLM/HCS08/Source/CMT/Cmt.c" -Lm="PLM/HCS08/Source/CMT/Cmt_c.d" -LmCfg=xilmou
Global objects: 180, Data Size (RAM): 207
HC08 Compiler: *** 0 error(s), 0 warning(s), 0 information message(s) ***
HC08 Compiler: *** Processing ok ***
'Building file: ../PLM/HCS08/Source/ASM/ASM.c'
'Executing target #32 ../PLM/HCS08/Source/Accelerometer/Accelerometer.c'
'Building file: ../PLM/HCS08/Source/ADC/ADC.c'
'Finished building: ../PLM/HCS08/Source/Common/Sys/mc9s08qe128.c'
'Invoking: HCS08 Compiler'
'Invoking: HCS08 Compiler'
Object file: PLM/HCS08/Source/Common/Utilities/Utilities_c.obj, format ELF/DWARF 2.0
Code Size: 964
Global objects: 58, Data Size (RAM): 187
HC08 Compiler: *** 0 error(s), 0 warning(s), 0 information message(s) ***
HC08 Compiler: *** Processing ok ***
'Executing target #34 ../PLM/HCS08/Source/ADC/ADC.c'
"C:/Freescale/CW MCU v10.2/MCU/prog/chc08" -ArgFile"PLM/HCS08/Source/Buzzer/Buzzer.args" -ObjN="PLM/HCS08/Source/Buzzer/Buzzer_c.obj" "../PLM/HCS08/Source/Buzzer/Buzzer.c" -Lm="PLM/HCS08/Source/Buzzer/Buzzer_c.d" -LmCfg=xilmou
../PLM/HCS08/Source/Common/Sys/vectortable.c
Command Line: '-ArgFile"PLM/HCS08/Source/Common/Sys/vectortable.args" -ObjN="PLM/HCS08/Source/Common/Sys/vectortable_c.obj" "../PLM/HCS08/Source/Common/Sys/vectortable.c" -Lm="PLM/HCS08/Source/Common/Sys/vectortable_c.d" -LmCfg=xilmou'
"C:/Freescale/CW MCU v10.2/MCU/prog/chc08" -ArgFile"PLM/HCS08/Source/Accelerometer/Accelerometer.args" -ObjN="PLM/HCS08/Source/Accelerometer/Accelerometer_c.obj" "../PLM/HCS08/Source/Accelerometer/Accelerometer.c" -Lm="PLM/HCS08/Source/Accelerometer/Accelerometer_c.d" -LmCfg=xilmou
'Executing target #33 ../PLM/HCS08/Source/ASM/ASM.c'
../PLM/HCS08/Source/CMT/Cmt.c
Command Line: '-ArgFile"PLM/HCS08/Source/CMT/Cmt.args" -ObjN="PLM/HCS08/Source/CMT/Cmt_c.obj" "../PLM/HCS08/Source/CMT/Cmt.c" -Lm="PLM/HCS08/Source/CMT/Cmt_c.d" -LmCfg=xilmou'
' '
'Invoking: HCS08 Compiler'
"C:/Freescale/CW MCU v10.2/MCU/prog/chc08" -ArgFile"PLM/HCS08/Source/ADC/ADC.args" -ObjN="PLM/HCS08/Source/ADC/ADC_c.obj" "../PLM/HCS08/Source/ADC/ADC.c" -Lm="PLM/HCS08/Source/ADC/ADC_c.d" -LmCfg=xilmou
'Invoking: HCS08 Compiler'
"C:/Freescale/CW MCU v10.2/MCU/prog/chc08" -ArgFile"PLM/HCS08/Source/ASM/ASM.args" -ObjN="PLM/HCS08/Source/ASM/ASM_c.obj" "../PLM/HCS08/Source/ASM/ASM.c" -Lm="PLM/HCS08/Source/ASM/ASM_c.d" -LmCfg=xilmou
'Building file: ../OTAP/OTAP.c'
'Executing target #35 ../OTAP/OTAP.c'
"C:/Users/hbarba/repos/digitales/My Solution/Generic Demo/OTAP\../PLM/HCS08/Source/CMT\Cmt.c"
 "C:/Users/hbarba/repos/digitales/My Solution/Generic Demo/PLM/Generic/Interface\EmbeddedTypes.h"
  "C:/Freescale/CW MCU v10.2/MCU/lib/hc08c/include\string.h"
   "C:/Freescale/CW MCU v10.2/MCU/lib/hc08c/include\libdefs.h"
    "C:/Freescale/CW MCU v10.2/MCU/lib/hc08c/include\hidef.h"
     "C:/Freescale/CW MCU v10.2/MCU/lib/hc08c/include\stddef.h"
     "C:/Freescale/CW MCU v10.2/MCU/lib/hc08c/include\stdtypes.h"
 "C:/Users/hbarba/repos/digitales/My Solution/Generic Demo/PLM/Generic/Interface\derivative.h"
  "C:/Users/hbarba/repos/digitales/My Solution/Generic Demo/PLM/Generic/Interface\board_config.h"
  "C:/Users/hbarba/repos/digitales/My Solution/Generic Demo/PLM/HCS08/Source/Radio/PhyMC1323x\IrqControlLib.h"
   "C:/Users/hbarba/repos/digitales/My Solution/Generic Demo/PLM/HCS08/Source/Radio/PhyMC1323x\PhyPacketProcessor.h"
  "C:/Freescale/CW MCU v10.2/MCU/lib/hc08c/device/include\mc9s08qe128.h"
../PLM/HCS08/Source/ASM/ASM.c
Command Line: '-ArgFile"PLM/HCS08/Source/ASM/ASM.args" -ObjN="PLM/HCS08/Source/ASM/ASM_c.obj" "../PLM/HCS08/Source/ASM/ASM.c" -Lm="PLM/HCS08/Source/ASM/ASM_c.d" -LmCfg=xilmou'
 "C:/Users/hbarba/repos/digitales/My Solution/Generic Demo/PLM/HCS08/Interface\Cmt_Interface.h"
  "C:/Users/hbarba/repos/digitales/My Solution/Generic Demo/PLM/Generic/Interface\PLM_config.h"
 "C:/Users/hbarba/repos/digitales/My Solution/Generic Demo/PLM/HCS08/Source/CMT\Cmt.h"
Option -Lm: Updating make info to 'PLM/HCS08/Source/CMT/Cmt_c.d'
Option -Lasm: Generating listing file 'C:\Users\hbarba\repos\digitales\My Solution\Generic Demo\Generic Demo\Cmt.lst'
'Invoking: HCS08 Compiler'
"C:/Freescale/CW MCU v10.2/MCU/prog/chc08" -ArgFile"OTAP/OTAP.args" -ObjN="OTAP/OTAP_c.obj" "../OTAP/OTAP.c" -Lm="OTAP/OTAP_c.d" -LmCfg=xilmou
'Finished building: ../PLM/HCS08/Source/Common/Utilities/Utilities.c'
../PLM/HCS08/Source/Buzzer/Buzzer.c
Command Line: '-ArgFile"PLM/HCS08/Source/Buzzer/Buzzer.args" -ObjN="PLM/HCS08/Source/Buzzer/Buzzer_c.obj" "../PLM/HCS08/Source/Buzzer/Buzzer.c" -Lm="PLM/HCS08/Source/Buzzer/Buzzer_c.d" -LmCfg=xilmou'
' '
"C:/Users/hbarba/repos/digitales/My Solution/Generic Demo/OTAP\../PLM/HCS08/Source/ASM\ASM.c"
 "C:/Users/hbarba/repos/digitales/My Solution/Generic Demo/PLM/HCS08/Source/ASM\ASM.h"
  "C:/Users/hbarba/repos/digitales/My Solution/Generic Demo/PLM/HCS08/Interface\ASM_Interface.h"
   "C:/Users/hbarba/repos/digitales/My Solution/Generic Demo/PLM/Generic/Interface\derivative.h"
'Building file: ../Application/Source/main.c'
    "C:/Users/hbarba/repos/digitales/My Solution/Generic Demo/PLM/Generic/Interface\board_config.h"
    "C:/Users/hbarba/repos/digitales/My Solution/Generic Demo/PLM/HCS08/Source/Radio/PhyMC1323x\IrqControlLib.h"
     "C:/Users/hbarba/repos/digitales/My Solution/Generic Demo/PLM/HCS08/Source/Radio/PhyMC1323x\PhyPacketProcessor.h"
    "C:/Freescale/CW MCU v10.2/MCU/lib/hc08c/device/include\mc9s08qe128.h"
"C:/Users/hbarba/repos/digitales/My Solution/Generic Demo/OTAP\../PLM/HCS08/Source/Common/Sys\vectortable.c"
 "C:/Users/hbarba/repos/digitales/My Solution/Generic Demo/PLM/Generic/Interface\PLM_Config.h"
 "C:/Users/hbarba/repos/digitales/My Solution/Generic Demo/PLM/HCS08/Interface\IRQ_Interface.h"
  "C:/Users/hbarba/repos/digitales/My Solution/Generic Demo/PLM/Generic/Interface\derivative.h"
   "C:/Users/hbarba/repos/digitales/My Solution/Generic Demo/PLM/Generic/Interface\board_config.h"
   "C:/Users/hbarba/repos/digitales/My Solution/Generic Demo/PLM/HCS08/Source/Radio/PhyMC1323x\IrqControlLib.h"
   "C:/Users/hbarba/repos/digitales/My Solution/Generic Demo/PLM/Generic/Interface\EmbeddedTypes.h"
    "C:/Freescale/CW MCU v10.2/MCU/lib/hc08c/include\string.h"
     "C:/Freescale/CW MCU v10.2/MCU/lib/hc08c/include\libdefs.h"
      "C:/Freescale/CW MCU v10.2/MCU/lib/hc08c/include\hidef.h"
       "C:/Freescale/CW MCU v10.2/MCU/lib/hc08c/include\stddef.h"
       "C:/Freescale/CW MCU v10.2/MCU/lib/hc08c/include\stdtypes.h"
   "C:/Users/hbarba/repos/digitales/My Solution/Generic Demo/PLM/Generic/Interface\Utilities_Interface.h"
    "C:/Users/hbarba/repos/digitales/My Solution/Generic Demo/PLM/HCS08/Interface\UART_Interface.h"
     "C:/Users/hbarba/repos/digitales/My Solution/Generic Demo/PLM/Generic/Interface\PLM_Config.h"
Option -Lm: Updating make info to 'PLM/HCS08/Source/ASM/ASM_c.d'
Object file: PLM/HCS08/Source/CMT/Cmt_c.obj, format ELF/DWARF 2.0
Code Size: 20
Global objects: 12
../OTAP/OTAP.c
'Executing target #36 ../Application/Source/main.c'
Command Line: '-ArgFile"OTAP/OTAP.args" -ObjN="OTAP/OTAP_c.obj" "../OTAP/OTAP.c" -Lm="OTAP/OTAP_c.d" -LmCfg=xilmou'
    "C:/Users/hbarba/repos/digitales/My Solution/Generic Demo/PLM/HCS08/Source/Radio/PhyMC1323x\PhyPacketProcessor.h"
HC08 Compiler: *** 0 error(s), 0 warning(s), 0 information message(s) ***
HC08 Compiler: *** Processing ok ***
   "C:/Freescale/CW MCU v10.2/MCU/lib/hc08c/device/include\mc9s08qe128.h"
Option -Lasm: Generating listing file 'C:\Users\hbarba\repos\digitales\My Solution\Generic Demo\Generic Demo\ASM.lst'
"C:/Users/hbarba/repos/digitales/My Solution/Generic Demo/OTAP\../PLM/HCS08/Source/Buzzer\Buzzer.c"
 "C:/Users/hbarba/repos/digitales/My Solution/Generic Demo/PLM/HCS08/Source/Buzzer\Buzzer.h"
  "C:/Users/hbarba/repos/digitales/My Solution/Generic Demo/PLM/HCS08/Interface\Buzzer_Interface.h"
   "C:/Users/hbarba/repos/digitales/My Solution/Generic Demo/PLM/Generic/Interface\derivative.h"
    "C:/Users/hbarba/repos/digitales/My Solution/Generic Demo/PLM/Generic/Interface\board_config.h"
    "C:/Users/hbarba/repos/digitales/My Solution/Generic Demo/PLM/HCS08/Source/Radio/PhyMC1323x\IrqControlLib.h"
     "C:/Users/hbarba/repos/digitales/My Solution/Generic Demo/PLM/HCS08/Source/Radio/PhyMC1323x\PhyPacketProcessor.h"
    "C:/Freescale/CW MCU v10.2/MCU/lib/hc08c/device/include\mc9s08qe128.h"
../PLM/HCS08/Source/ADC/ADC.c
Command Line: '-ArgFile"PLM/HCS08/Source/ADC/ADC.args" -ObjN="PLM/HCS08/Source/ADC/ADC_c.obj" "../PLM/HCS08/Source/ADC/ADC.c" -Lm="PLM/HCS08/Source/ADC/ADC_c.d" -LmCfg=xilmou'
   "C:/Users/hbarba/repos/digitales/My Solution/Generic Demo/PLM/Generic/Interface\EmbeddedTypes.h"
    "C:/Freescale/CW MCU v10.2/MCU/lib/hc08c/include\string.h"
     "C:/Freescale/CW MCU v10.2/MCU/lib/hc08c/include\libdefs.h"
      "C:/Freescale/CW MCU v10.2/MCU/lib/hc08c/include\hidef.h"
       "C:/Freescale/CW MCU v10.2/MCU/lib/hc08c/include\stddef.h"
       "C:/Freescale/CW MCU v10.2/MCU/lib/hc08c/include\stdtypes.h"
   "C:/Users/hbarba/repos/digitales/My Solution/Generic Demo/PLM/Generic/Interface\PortConfig.h"
    "C:/Users/hbarba/repos/digitales/My Solution/Generic Demo/PLM/Generic/Interface\TargetMC1320xQE128EVB.h"
'Invoking: HCS08 Compiler'
   "C:/Users/hbarba/repos/digitales/My Solution/Generic Demo/Application/Configure\app_config.h"
    "C:/Users/hbarba/repos/digitales/My Solution/Generic Demo/PLM/HCS08/Interface\RTI_Interface.h"
     "C:/Users/hbarba/repos/digitales/My Solution/Generic Demo/PLM/Generic/Interface\PLM_Config.h"
    "C:/Users/hbarba/repos/digitales/My Solution/Generic Demo/PLM/HCS08/Interface\SPI_Interface.h"
     "C:/Users/hbarba/repos/digitales/My Solution/Generic Demo/PLM/HCS08/Interface\GPIO_interface.h"
    "C:/Users/hbarba/repos/digitales/My Solution/Generic Demo/PLM/HCS08/Interface\Timer_Interface.h"
    "C:/Users/hbarba/repos/digitales/My Solution/Generic Demo/PLM/HCS08/Interface\UART_Interface.h"
"C:/Users/hbarba/repos/digitales/My Solution/Generic Demo/OTAP\../OTAP\OTAP.c"
    "C:/Users/hbarba/repos/digitales/My Solution/Generic Demo/PLM/HCS08/Interface\ASM_Interface.h"
     "C:/Users/hbarba/repos/digitales/My Solution/Generic Demo/PLM/Generic/Interface\Utilities_Interface.h"
    "C:/Users/hbarba/repos/digitales/My Solution/Generic Demo/PLM/HCS08/Interface\Flash_Interface.h"
 "C:/Users/hbarba/repos/digitales/My Solution/Generic Demo/OTAP\OTAP.h"
    "C:/Users/hbarba/repos/digitales/My Solution/Generic Demo/PLM/HCS08/Interface\IIC_Interface.h"
"C:/Freescale/CW MCU v10.2/MCU/prog/chc08" -ArgFile"Application/Source/main.args" -ObjN="Application/Source/main_c.obj" "../Application/Source/main.c" -Lm="Application/Source/main_c.d" -LmCfg=xilmou
  "C:/Users/hbarba/repos/digitales/My Solution/Generic Demo/PLM/Generic/Interface\EmbeddedTypes.h"
   "C:/Freescale/CW MCU v10.2/MCU/lib/hc08c/include\string.h"
    "C:/Freescale/CW MCU v10.2/MCU/lib/hc08c/include\libdefs.h"
    "C:/Users/hbarba/repos/digitales/My Solution/Generic Demo/PLM/HCS08/Interface\IRQ_Interface.h"
    "C:/Users/hbarba/repos/digitales/My Solution/Generic Demo/PLM/HCS08/Interface\KBI_Interface.h"
     "C:/Freescale/CW MCU v10.2/MCU/lib/hc08c/include\hidef.h"
      "C:/Freescale/CW MCU v10.2/MCU/lib/hc08c/include\stddef.h"
      "C:/Freescale/CW MCU v10.2/MCU/lib/hc08c/include\stdtypes.h"
    "C:/Users/hbarba/repos/digitales/My Solution/Generic Demo/PLM/HCS08/Interface\LED_Interface.h"
    "C:/Users/hbarba/repos/digitales/My Solution/Generic Demo/PLM/HCS08/Interface\LPM_Interface.h"
 "C:/Users/hbarba/repos/digitales/My Solution/Generic Demo/PLM/HCS08/Interface\SPI_Interface.h"
    "C:/Users/hbarba/repos/digitales/My Solution/Generic Demo/PLM/HCS08/Interface\LVD_interface.h"
    "C:/Users/hbarba/repos/digitales/My Solution/Generic Demo/PLM/HCS08/Interface\TouchPad_Interface.h"
    "C:/Users/hbarba/repos/digitales/My Solution/Generic Demo/PLM/HCS08/Interface\ADC_Interface.h"
    "C:/Users/hbarba/repos/digitales/My Solution/Generic Demo/PLM/HCS08/Interface\Keyboard_Interface.h"
    "C:/Users/hbarba/repos/digitales/My Solution/Generic Demo/PLM/HCS08/Interface\CMT_Interface.h"
    "C:/Users/hbarba/repos/digitales/My Solution/Generic Demo/PLM/HCS08/Interface\Accelerometer_Interface.h"
    "C:/Users/hbarba/repos/digitales/My Solution/Generic Demo/PLM/HCS08/Interface\Eeprom_Interface.h"
    "C:/Users/hbarba/repos/digitales/My Solution/Generic Demo/PLM/HCS08/Interface\LCD_Interface.h"
Option -Lm: Updating make info to 'PLM/HCS08/Source/Buzzer/Buzzer_c.d'
  "C:/Users/hbarba/repos/digitales/My Solution/Generic Demo/OTAP\OTAP_Interface.h"
   "C:/Freescale/CW MCU v10.2/MCU/lib/hc08c/include\hidef.h"
    "C:/Freescale/CW MCU v10.2/MCU/lib/hc08c/include\stddef.h"
    "C:/Freescale/CW MCU v10.2/MCU/lib/hc08c/include\stdtypes.h"
   "C:/Users/hbarba/repos/digitales/My Solution/Generic Demo/PLM/Generic/Interface\EmbeddedTypes.h"
    "C:/Freescale/CW MCU v10.2/MCU/lib/hc08c/include\string.h"
     "C:/Freescale/CW MCU v10.2/MCU/lib/hc08c/include\libdefs.h"
   "C:/Users/hbarba/repos/digitales/My Solution/Generic Demo/PLM/Generic/Interface\derivative.h"
    "C:/Users/hbarba/repos/digitales/My Solution/Generic Demo/PLM/Generic/Interface\board_config.h"
    "C:/Users/hbarba/repos/digitales/My Solution/Generic Demo/PLM/HCS08/Source/Radio/PhyMC1323x\IrqControlLib.h"
     "C:/Users/hbarba/repos/digitales/My Solution/Generic Demo/PLM/HCS08/Source/Radio/PhyMC1323x\PhyPacketProcessor.h"
    "C:/Freescale/CW MCU v10.2/MCU/lib/hc08c/device/include\mc9s08qe128.h"
"C:/Users/hbarba/repos/digitales/My Solution/Generic Demo/OTAP\../PLM/HCS08/Source/ADC\ADC.c"
 "C:/Users/hbarba/repos/digitales/My Solution/Generic Demo/PLM/HCS08/Source/ADC\ADC.h"
  "C:/Users/hbarba/repos/digitales/My Solution/Generic Demo/PLM/HCS08/Interface\ADC_Interface.h"
   "C:/Users/hbarba/repos/digitales/My Solution/Generic Demo/PLM/Generic/Interface\derivative.h"
    "C:/Users/hbarba/repos/digitales/My Solution/Generic Demo/PLM/Generic/Interface\board_config.h"
    "C:/Users/hbarba/repos/digitales/My Solution/Generic Demo/PLM/HCS08/Source/Radio/PhyMC1323x\IrqControlLib.h"
   "C:/Users/hbarba/repos/digitales/My Solution/Generic Demo/SMAC/Interface\SMAC_Interface.h"
     "C:/Users/hbarba/repos/digitales/My Solution/Generic Demo/PLM/HCS08/Source/Radio/PhyMC1323x\PhyPacketProcessor.h"
    "C:/Freescale/CW MCU v10.2/MCU/lib/hc08c/device/include\mc9s08qe128.h"
    "C:/Users/hbarba/repos/digitales/My Solution/Generic Demo/SMAC/Generic\SMAC_config.h"
   "C:/Users/hbarba/repos/digitales/My Solution/Generic Demo/PLM/Generic/Interface\Utilities_Interface.h"
    "C:/Users/hbarba/repos/digitales/My Solution/Generic Demo/PLM/HCS08/Interface\UART_Interface.h"
   "C:/Users/hbarba/repos/digitales/My Solution/Generic Demo/PLM/Generic/Interface\EmbeddedTypes.h"
    "C:/Freescale/CW MCU v10.2/MCU/lib/hc08c/include\string.h"
     "C:/Users/hbarba/repos/digitales/My Solution/Generic Demo/PLM/Generic/Interface\PLM_Config.h"
../PLM/HCS08/Source/Accelerometer/Accelerometer.c
Command Line: '-ArgFile"PLM/HCS08/Source/Accelerometer/Accelerometer.args" -ObjN="PLM/HCS08/Source/Accelerometer/Accelerometer_c.obj" "../PLM/HCS08/Source/Accelerometer/Accelerometer.c" -Lm="PLM/HCS08/Source/Accelerometer/Accelerometer_c.d" -LmCfg=xilmou'
   "C:/Users/hbarba/repos/digitales/My Solution/Generic Demo/PLM/HCS08/Interface\Timer_Interface.h"
  "C:/Users/hbarba/repos/digitales/My Solution/Generic Demo/PLM/HCS08/Interface\GPIO_interface.h"
   "C:/Users/hbarba/repos/digitales/My Solution/Generic Demo/PLM/Generic/Interface\PortConfig.h"
   "C:/Users/hbarba/repos/digitales/My Solution/Generic Demo/PLM/HCS08/Interface\Eeprom_Interface.h"
    "C:/Users/hbarba/repos/digitales/My Solution/Generic Demo/PLM/Generic/Interface\TargetMC1320xQE128EVB.h"
    "C:/Users/hbarba/repos/digitales/My Solution/Generic Demo/PLM/Generic/Interface\PortConfig.h"
     "C:/Users/hbarba/repos/digitales/My Solution/Generic Demo/PLM/Generic/Interface\TargetMC1320xQE128EVB.h"
   "C:/Users/hbarba/repos/digitales/My Solution/Generic Demo/PLM/HCS08/Interface\Flash_Interface.h"
   "C:/Users/hbarba/repos/digitales/My Solution/Generic Demo/PLM/HCS08/Source/EEPROM/Eeprom4OTAP\Eeprom4OTAP_Interface.h"
   "C:/Users/hbarba/repos/digitales/My Solution/Generic Demo/PLM/HCS08/Source/Flash/Flash4Otap\Flash4Otap_Interface.h"
../Application/Source/main.c
Command Line: '-ArgFile"Application/Source/main.args" -ObjN="Application/Source/main_c.obj" "../Application/Source/main.c" -Lm="Application/Source/main_c.d" -LmCfg=xilmou'
Option -Lm: Updating make info to 'OTAP/OTAP_c.d'
 "C:/Users/hbarba/repos/digitales/My Solution/Generic Demo/PLM/HCS08/Interface\UART_Interface.h"
     "C:/Freescale/CW MCU v10.2/MCU/lib/hc08c/include\libdefs.h"
      "C:/Freescale/CW MCU v10.2/MCU/lib/hc08c/include\hidef.h"
       "C:/Freescale/CW MCU v10.2/MCU/lib/hc08c/include\stddef.h"
'Finished building: ../PLM/HCS08/Source/CMT/Cmt.c'
       "C:/Freescale/CW MCU v10.2/MCU/lib/hc08c/include\stdtypes.h"
   "C:/Users/hbarba/repos/digitales/My Solution/Generic Demo/PLM/Generic/Interface\PortConfig.h"
    "C:/Users/hbarba/repos/digitales/My Solution/Generic Demo/PLM/Generic/Interface\TargetMC1320xQE128EVB.h"
   "C:/Users/hbarba/repos/digitales/My Solution/Generic Demo/PLM/Generic/Interface\PLM_config.h"
Option -Lm: Updating make info to 'PLM/HCS08/Source/ADC/ADC_c.d'
Option -Lasm: Generating listing file 'C:\Users\hbarba\repos\digitales\My Solution\Generic Demo\Generic Demo\OTAP.lst'
"C:/Users/hbarba/repos/digitales/My Solution/Generic Demo/OTAP\../Application/Source\main.c"
 "C:/Freescale/CW MCU v10.2/MCU/lib/hc08c/include\hidef.h"
  "C:/Freescale/CW MCU v10.2/MCU/lib/hc08c/include\stddef.h"
  "C:/Freescale/CW MCU v10.2/MCU/lib/hc08c/include\stdtypes.h"
Option -Lasm: Generating listing file 'C:\Users\hbarba\repos\digitales\My Solution\Generic Demo\Generic Demo\ADC.lst'
Object file: OTAP/OTAP_c.obj, format ELF/DWARF 2.0
 "C:/Users/hbarba/repos/digitales/My Solution/Generic Demo/PLM/HCS08/Source/Common/Sys\McuInit.h"
 "C:/Users/hbarba/repos/digitales/My Solution/Generic Demo/PLM/Generic/Interface\derivative.h"
 "C:/Users/hbarba/repos/digitales/My Solution/Generic Demo/PLM/HCS08/Interface\IIC_Interface.h"
  "C:/Users/hbarba/repos/digitales/My Solution/Generic Demo/PLM/Generic/Interface\board_config.h"
  "C:/Users/hbarba/repos/digitales/My Solution/Generic Demo/PLM/HCS08/Source/Radio/PhyMC1323x\IrqControlLib.h"
 "C:/Users/hbarba/repos/digitales/My Solution/Generic Demo/PLM/HCS08/Interface\RTI_Interface.h"
   "C:/Users/hbarba/repos/digitales/My Solution/Generic Demo/PLM/HCS08/Source/Radio/PhyMC1323x\PhyPacketProcessor.h"
 "C:/Users/hbarba/repos/digitales/My Solution/Generic Demo/PLM/HCS08/Interface\Timer_Interface.h"
Code Size: 4
Global objects: 4
  "C:/Freescale/CW MCU v10.2/MCU/lib/hc08c/device/include\mc9s08qe128.h"
HC08 Compiler: *** 0 error(s), 0 warning(s), 0 information message(s) ***
HC08 Compiler: *** Processing ok ***
' '
 "C:/Users/hbarba/repos/digitales/My Solution/Generic Demo/PLM/Generic/Interface\EmbeddedTypes.h"
  "C:/Freescale/CW MCU v10.2/MCU/lib/hc08c/include\string.h"
   "C:/Freescale/CW MCU v10.2/MCU/lib/hc08c/include\libdefs.h"
 "C:/Users/hbarba/repos/digitales/My Solution/Generic Demo/PLM/Generic/Interface\Utilities_Interface.h"
  "C:/Users/hbarba/repos/digitales/My Solution/Generic Demo/PLM/HCS08/Interface\UART_Interface.h"
   "C:/Users/hbarba/repos/digitales/My Solution/Generic Demo/PLM/Generic/Interface\PLM_Config.h"
 "C:/Users/hbarba/repos/digitales/My Solution/Generic Demo/SMAC/Interface\SMAC_Interface.h"
  "C:/Users/hbarba/repos/digitales/My Solution/Generic Demo/SMAC/Generic\SMAC_config.h"
 "C:/Users/hbarba/repos/digitales/My Solution/Generic Demo/PLM/HCS08/Interface\Radio_Interface.h"
  "C:/Users/hbarba/repos/digitales/My Solution/Generic Demo/PLM/HCS08/Interface\SPI_Interface.h"
   "C:/Users/hbarba/repos/digitales/My Solution/Generic Demo/PLM/HCS08/Interface\GPIO_interface.h"
    "C:/Users/hbarba/repos/digitales/My Solution/Generic Demo/PLM/Generic/Interface\PortConfig.h"
     "C:/Users/hbarba/repos/digitales/My Solution/Generic Demo/PLM/Generic/Interface\TargetMC1320xQE128EVB.h"
'Building file: ../.metadata/.plugins/org.eclipse.cdt.make.core/specs.c'
  "C:/Users/hbarba/repos/digitales/My Solution/Generic Demo/PLM/HCS08/Interface\IRQ_Interface.h"
 "C:/Users/hbarba/repos/digitales/My Solution/Generic Demo/Application/Configure\app_config.h"
  "C:/Users/hbarba/repos/digitales/My Solution/Generic Demo/PLM/HCS08/Interface\RTI_Interface.h"
  "C:/Users/hbarba/repos/digitales/My Solution/Generic Demo/PLM/HCS08/Interface\Timer_Interface.h"
  "C:/Users/hbarba/repos/digitales/My Solution/Generic Demo/PLM/HCS08/Interface\ASM_Interface.h"
  "C:/Users/hbarba/repos/digitales/My Solution/Generic Demo/PLM/HCS08/Interface\Flash_Interface.h"
  "C:/Users/hbarba/repos/digitales/My Solution/Generic Demo/PLM/HCS08/Interface\IIC_Interface.h"
 "C:/Users/hbarba/repos/digitales/My Solution/Generic Demo/PLM/HCS08/Interface\KBI_Interface.h"
  "C:/Users/hbarba/repos/digitales/My Solution/Generic Demo/PLM/HCS08/Interface\KBI_Interface.h"
  "C:/Users/hbarba/repos/digitales/My Solution/Generic Demo/PLM/HCS08/Interface\LED_Interface.h"
  "C:/Users/hbarba/repos/digitales/My Solution/Generic Demo/PLM/HCS08/Interface\LPM_Interface.h"
  "C:/Users/hbarba/repos/digitales/My Solution/Generic Demo/PLM/HCS08/Interface\LVD_interface.h"
  "C:/Users/hbarba/repos/digitales/My Solution/Generic Demo/PLM/HCS08/Interface\TouchPad_Interface.h"
  "C:/Users/hbarba/repos/digitales/My Solution/Generic Demo/PLM/HCS08/Interface\ADC_Interface.h"
  "C:/Users/hbarba/repos/digitales/My Solution/Generic Demo/PLM/HCS08/Interface\Keyboard_Interface.h"
'Executing target #37 ../.metadata/.plugins/org.eclipse.cdt.make.core/specs.c'
  "C:/Users/hbarba/repos/digitales/My Solution/Generic Demo/PLM/HCS08/Interface\CMT_Interface.h"
  "C:/Users/hbarba/repos/digitales/My Solution/Generic Demo/PLM/HCS08/Interface\Accelerometer_Interface.h"
  "C:/Users/hbarba/repos/digitales/My Solution/Generic Demo/PLM/HCS08/Interface\Eeprom_Interface.h"
  "C:/Users/hbarba/repos/digitales/My Solution/Generic Demo/PLM/HCS08/Interface\LCD_Interface.h"
 "C:/Users/hbarba/repos/digitales/My Solution/Generic Demo/OTAP\OTAP_Interface.h"
  "C:/Users/hbarba/repos/digitales/My Solution/Generic Demo/PLM/HCS08/Source/EEPROM/Eeprom4OTAP\Eeprom4OTAP_Interface.h"
  "C:/Users/hbarba/repos/digitales/My Solution/Generic Demo/PLM/HCS08/Source/Flash/Flash4Otap\Flash4Otap_Interface.h"
 "C:/Users/hbarba/repos/digitales/My Solution/Generic Demo/UMAC\uMAc_Interface.h"
Option -Lm: Updating make info to 'Application/Source/main_c.d'
'Invoking: HCS08 Compiler'
C:/Users/hbarba/repos/digitales/My Solution/Generic Demo/OTAP\../Application/Source\main.c:108:warning:C1858 Partial implicit parameter declaration
C:/Users/hbarba/repos/digitales/My Solution/Generic Demo/OTAP\../Application/Source\main.c:119:warning:C1858 Partial implicit parameter declaration
